<html>
<head>
<title>TestNG:  DashboardTest</title>
<link href="../testng.css" rel="stylesheet" type="text/css" />
<link href="../my-testng.css" rel="stylesheet" type="text/css" />

<style type="text/css">
.log { display: none;} 
.stack-trace { display: none;} 
</style>
<script type="text/javascript">
<!--
function flip(e) {
  current = e.style.display;
  if (current == 'block') {
    e.style.display = 'none';
    return 0;
  }
  else {
    e.style.display = 'block';
    return 1;
  }
}

function toggleBox(szDivId, elem, msg1, msg2)
{
  var res = -1;  if (document.getElementById) {
    res = flip(document.getElementById(szDivId));
  }
  else if (document.all) {
    // this is the way old msie versions work
    res = flip(document.all[szDivId]);
  }
  if(elem) {
    if(res == 0) elem.innerHTML = msg1; else elem.innerHTML = msg2;
  }

}

function toggleAllBoxes() {
  if (document.getElementsByTagName) {
    d = document.getElementsByTagName('div');
    for (i = 0; i < d.length; i++) {
      if (d[i].className == 'log') {
        flip(d[i]);
      }
    }
  }
}

// -->
</script>

</head>
<body>
<h2 align='center'>DashboardTest</h2><table border='1' align="center">
<tr>
<td>Tests passed/Failed/Skipped:</td><td>11/2/0</td>
</tr><tr>
<td>Started on:</td><td>Sat Jul 30 10:33:36 IST 2022</td>
</tr>
<tr><td>Total time:</td><td>600 seconds (600975 ms)</td>
</tr><tr>
<td>Included groups:</td><td></td>
</tr><tr>
<td>Excluded groups:</td><td></td>
</tr>
</table><p/>
<small><i>(Hover the method name to see the test class name)</i></small><p/>
<table width='100%' border='1' class='invocation-failed'>
<tr><td colspan='4' align='center'><b>FAILED TESTS</b></td></tr>
<tr><td><b>Test method</b></td>
<td width="30%"><b>Exception</b></td>
<td width="10%"><b>Time (seconds)</b></td>
<td><b>Instance</b></td>
</tr>
<tr>
<td title='testcases.DashboardTest.goalWiseInvestmentTest()'><b>goalWiseInvestmentTest</b><br>Test class: testcases.DashboardTest<br/>
<a href="#Output-1332064145" onClick='toggleBox("Output-1332064145", this, "Show output", "Hide output");'>Show output</a>

<a href="#Output-1332064145" onClick="toggleAllBoxes();">Show all outputs</a>
<div class='log' id="Output-1332064145">
goalwise MF Active Investments Btn Open Successfully<br/>
Goal wise Ulip Test  Successfully<br/>
<a href=null target="_blank">Capture Screenshot</a><br/>
<br><br/>
<a href=null target="_blank"><img src=null height=200 width=200></a><br/>
</div>
</td>
<td><div><pre>org.openqa.selenium.ElementClickInterceptedException: element click intercepted: Element &lt;span class=&quot;ng-binding ng-scope&quot;&gt;...&lt;/span&gt; is not clickable at point (824, 395). Other element would receive the click: &lt;div class=&quot;md-dialog-container ng-scope&quot; tabindex=&quot;-1&quot; style=&quot;top: 54.6296px; height: 683px;&quot;&gt;...&lt;/div&gt;
  (Session info: chrome=103.0.5060.114)
Build info: version: &apos;4.1.0&apos;, revision: &apos;87802e897b&apos;
System info: host: &apos;DESKTOP-JD55J81&apos;, ip: &apos;172.24.128.1&apos;, os.name: &apos;Windows 10&apos;, os.arch: &apos;amd64&apos;, os.version: &apos;10.0&apos;, java.version: &apos;15.0.2&apos;
Driver info: org.openqa.selenium.chrome.ChromeDriver
Command: [0c6d8305c765c851442d4d1efed74094, clickElement {id=64d1560a-4374-46bd-894d-c3fa872c494c}]
Capabilities {acceptInsecureCerts: false, browserName: chrome, browserVersion: 103.0.5060.114, chrome: {chromedriverVersion: 103.0.5060.134 (8ec6fce403b..., userDataDir: C:\Users\ANSHUM~1\AppData\L...}, goog:chromeOptions: {debuggerAddress: localhost:57264}, javascriptEnabled: true, networkConnectionEnabled: false, pageLoadStrategy: normal, platform: WINDOWS, platformName: WINDOWS, proxy: Proxy(), se:cdp: ws://localhost:57264/devtoo..., se:cdpVersion: 103.0.5060.114, setWindowRect: true, strictFileInteractability: false, timeouts: {implicit: 0, pageLoad: 300000, script: 30000}, unhandledPromptBehavior: dismiss and notify, webauthn:extension:credBlob: true, webauthn:extension:largeBlob: true, webauthn:virtualAuthenticators: true}
Element: [[ChromeDriver: chrome on WINDOWS (0c6d8305c765c851442d4d1efed74094)] -&gt; xpath: /html[1]/body[1]/div[1]/div[1]/div[2]/div[1]/div[1]/div[1]/div[1]/div[3]/md-tabs[1]/md-tabs-wrapper[1]/md-tabs-canvas[1]/md-pagination-wrapper[1]/md-tab-item[5]/span[1]]
Session ID: 0c6d8305c765c851442d4d1efed74094
	at org.openqa.selenium.remote.codec.w3c.W3CHttpResponseCodec.createException(W3CHttpResponseCodec.java:200)
	at org.openqa.selenium.remote.codec.w3c.W3CHttpResponseCodec.decode(W3CHttpResponseCodec.java:133)
	at org.openqa.selenium.remote.codec.w3c.W3CHttpResponseCodec.decode(W3CHttpResponseCodec.java:53)
	at org.openqa.selenium.remote.HttpCommandExecutor.execute(HttpCommandExecutor.java:184)
	at org.openqa.selenium.remote.service.DriverCommandExecutor.invokeExecute(DriverCommandExecutor.java:164)
	at org.openqa.selenium.remote.service.DriverCommandExecutor.execute(DriverCommandExecutor.java:139)
	at org.openqa.selenium.remote.RemoteWebDriver.execute(RemoteWebDriver.java:559)
	at org.openqa.selenium.remote.RemoteWebElement.execute(RemoteWebElement.java:251)
	at org.openqa.selenium.remote.RemoteWebElement.click(RemoteWebElement.java:77)
	at pages.DashBoard.goalwisePMS(DashBoard.java:566)
	at testcases.DashboardTest.goalWiseInvestmentTest(DashboardTest.java:172)
	at java.base/java.util.ArrayList.forEach(ArrayList.java:1511)
... Removed 32 stack frames</pre></div><a href='#' onClick='toggleBox("stack-trace1332064145", this, "Click to show all stack frames", "Click to hide stack frames")'>Click to show all stack frames</a>
<div class='stack-trace' id='stack-trace1332064145'><pre>org.openqa.selenium.ElementClickInterceptedException: element click intercepted: Element &lt;span class=&quot;ng-binding ng-scope&quot;&gt;...&lt;/span&gt; is not clickable at point (824, 395). Other element would receive the click: &lt;div class=&quot;md-dialog-container ng-scope&quot; tabindex=&quot;-1&quot; style=&quot;top: 54.6296px; height: 683px;&quot;&gt;...&lt;/div&gt;
  (Session info: chrome=103.0.5060.114)
Build info: version: &apos;4.1.0&apos;, revision: &apos;87802e897b&apos;
System info: host: &apos;DESKTOP-JD55J81&apos;, ip: &apos;172.24.128.1&apos;, os.name: &apos;Windows 10&apos;, os.arch: &apos;amd64&apos;, os.version: &apos;10.0&apos;, java.version: &apos;15.0.2&apos;
Driver info: org.openqa.selenium.chrome.ChromeDriver
Command: [0c6d8305c765c851442d4d1efed74094, clickElement {id=64d1560a-4374-46bd-894d-c3fa872c494c}]
Capabilities {acceptInsecureCerts: false, browserName: chrome, browserVersion: 103.0.5060.114, chrome: {chromedriverVersion: 103.0.5060.134 (8ec6fce403b..., userDataDir: C:\Users\ANSHUM~1\AppData\L...}, goog:chromeOptions: {debuggerAddress: localhost:57264}, javascriptEnabled: true, networkConnectionEnabled: false, pageLoadStrategy: normal, platform: WINDOWS, platformName: WINDOWS, proxy: Proxy(), se:cdp: ws://localhost:57264/devtoo..., se:cdpVersion: 103.0.5060.114, setWindowRect: true, strictFileInteractability: false, timeouts: {implicit: 0, pageLoad: 300000, script: 30000}, unhandledPromptBehavior: dismiss and notify, webauthn:extension:credBlob: true, webauthn:extension:largeBlob: true, webauthn:virtualAuthenticators: true}
Element: [[ChromeDriver: chrome on WINDOWS (0c6d8305c765c851442d4d1efed74094)] -&gt; xpath: /html[1]/body[1]/div[1]/div[1]/div[2]/div[1]/div[1]/div[1]/div[1]/div[3]/md-tabs[1]/md-tabs-wrapper[1]/md-tabs-canvas[1]/md-pagination-wrapper[1]/md-tab-item[5]/span[1]]
Session ID: 0c6d8305c765c851442d4d1efed74094
	at java.base/jdk.internal.reflect.NativeConstructorAccessorImpl.newInstance0(Native Method)
	at java.base/jdk.internal.reflect.NativeConstructorAccessorImpl.newInstance(NativeConstructorAccessorImpl.java:64)
	at java.base/jdk.internal.reflect.DelegatingConstructorAccessorImpl.newInstance(DelegatingConstructorAccessorImpl.java:45)
	at java.base/java.lang.reflect.Constructor.newInstanceWithCaller(Constructor.java:500)
	at java.base/java.lang.reflect.Constructor.newInstance(Constructor.java:481)
	at org.openqa.selenium.remote.codec.w3c.W3CHttpResponseCodec.createException(W3CHttpResponseCodec.java:200)
	at org.openqa.selenium.remote.codec.w3c.W3CHttpResponseCodec.decode(W3CHttpResponseCodec.java:133)
	at org.openqa.selenium.remote.codec.w3c.W3CHttpResponseCodec.decode(W3CHttpResponseCodec.java:53)
	at org.openqa.selenium.remote.HttpCommandExecutor.execute(HttpCommandExecutor.java:184)
	at org.openqa.selenium.remote.service.DriverCommandExecutor.invokeExecute(DriverCommandExecutor.java:164)
	at org.openqa.selenium.remote.service.DriverCommandExecutor.execute(DriverCommandExecutor.java:139)
	at org.openqa.selenium.remote.RemoteWebDriver.execute(RemoteWebDriver.java:559)
	at org.openqa.selenium.remote.RemoteWebElement.execute(RemoteWebElement.java:251)
	at org.openqa.selenium.remote.RemoteWebElement.click(RemoteWebElement.java:77)
	at pages.DashBoard.goalwisePMS(DashBoard.java:566)
	at testcases.DashboardTest.goalWiseInvestmentTest(DashboardTest.java:172)
	at java.base/jdk.internal.reflect.NativeMethodAccessorImpl.invoke0(Native Method)
	at java.base/jdk.internal.reflect.NativeMethodAccessorImpl.invoke(NativeMethodAccessorImpl.java:64)
	at java.base/jdk.internal.reflect.DelegatingMethodAccessorImpl.invoke(DelegatingMethodAccessorImpl.java:43)
	at java.base/java.lang.reflect.Method.invoke(Method.java:564)
	at org.testng.internal.MethodInvocationHelper.invokeMethod(MethodInvocationHelper.java:133)
	at org.testng.internal.TestInvoker.invokeMethod(TestInvoker.java:598)
	at org.testng.internal.TestInvoker.invokeTestMethod(TestInvoker.java:173)
	at org.testng.internal.MethodRunner.runInSequence(MethodRunner.java:46)
	at org.testng.internal.TestInvoker$MethodInvocationAgent.invoke(TestInvoker.java:824)
	at org.testng.internal.TestInvoker.invokeTestMethods(TestInvoker.java:146)
	at org.testng.internal.TestMethodWorker.invokeTestMethods(TestMethodWorker.java:146)
	at org.testng.internal.TestMethodWorker.run(TestMethodWorker.java:128)
	at java.base/java.util.ArrayList.forEach(ArrayList.java:1511)
	at org.testng.TestRunner.privateRun(TestRunner.java:794)
	at org.testng.TestRunner.run(TestRunner.java:596)
	at org.testng.SuiteRunner.runTest(SuiteRunner.java:377)
	at org.testng.SuiteRunner.runSequentially(SuiteRunner.java:371)
	at org.testng.SuiteRunner.privateRun(SuiteRunner.java:332)
	at org.testng.SuiteRunner.run(SuiteRunner.java:276)
	at org.testng.SuiteRunnerWorker.runSuite(SuiteRunnerWorker.java:53)
	at org.testng.SuiteRunnerWorker.run(SuiteRunnerWorker.java:96)
	at org.testng.TestNG.runSuitesSequentially(TestNG.java:1212)
	at org.testng.TestNG.runSuitesLocally(TestNG.java:1134)
	at org.testng.TestNG.runSuites(TestNG.java:1063)
	at org.testng.TestNG.run(TestNG.java:1031)
	at org.testng.remote.AbstractRemoteTestNG.run(AbstractRemoteTestNG.java:115)
	at org.testng.remote.RemoteTestNG.initAndRun(RemoteTestNG.java:251)
	at org.testng.remote.RemoteTestNG.main(RemoteTestNG.java:77)
</pre></div></td>
<td>34</td>
<td>testcases.DashboardTest@458342d3</td></tr>
<tr>
<td title='testcases.DashboardTest.ulipTest()'><b>ulipTest</b><br>Test class: testcases.DashboardTest<br/>
<a href="#Output-1915196011" onClick='toggleBox("Output-1915196011", this, "Show output", "Hide output");'>Show output</a>

<a href="#Output-1915196011" onClick="toggleAllBoxes();">Show all outputs</a>
<div class='log' id="Output-1915196011">
<a href=null target="_blank">Capture Screenshot</a><br/>
<br><br/>
<a href=null target="_blank"><img src=null height=200 width=200></a><br/>
</div>
</td>
<td><div><pre>org.openqa.selenium.ElementClickInterceptedException: element click intercepted: Element &lt;i class=&quot;material-icons&quot;&gt;...&lt;/i&gt; is not clickable at point (1406, 645). Other element would receive the click: &lt;button class=&quot;md-button&quot; ng-click=&quot;menuAction($event,item,ctrl.investment,ctrl.parentInvestment,ctrl.basicid)&quot; style=&quot;margin:0;&quot;&gt;...&lt;/button&gt;
  (Session info: chrome=103.0.5060.114)
Build info: version: &apos;4.1.0&apos;, revision: &apos;87802e897b&apos;
System info: host: &apos;DESKTOP-JD55J81&apos;, ip: &apos;172.24.128.1&apos;, os.name: &apos;Windows 10&apos;, os.arch: &apos;amd64&apos;, os.version: &apos;10.0&apos;, java.version: &apos;15.0.2&apos;
Driver info: org.openqa.selenium.chrome.ChromeDriver
Command: [0c6d8305c765c851442d4d1efed74094, clickElement {id=187d5286-a61c-42b1-9d34-d6302441e57e}]
Capabilities {acceptInsecureCerts: false, browserName: chrome, browserVersion: 103.0.5060.114, chrome: {chromedriverVersion: 103.0.5060.134 (8ec6fce403b..., userDataDir: C:\Users\ANSHUM~1\AppData\L...}, goog:chromeOptions: {debuggerAddress: localhost:57264}, javascriptEnabled: true, networkConnectionEnabled: false, pageLoadStrategy: normal, platform: WINDOWS, platformName: WINDOWS, proxy: Proxy(), se:cdp: ws://localhost:57264/devtoo..., se:cdpVersion: 103.0.5060.114, setWindowRect: true, strictFileInteractability: false, timeouts: {implicit: 0, pageLoad: 300000, script: 30000}, unhandledPromptBehavior: dismiss and notify, webauthn:extension:credBlob: true, webauthn:extension:largeBlob: true, webauthn:virtualAuthenticators: true}
Element: [[ChromeDriver: chrome on WINDOWS (0c6d8305c765c851442d4d1efed74094)] -&gt; xpath: /html[1]/body[1]/div[1]/div[1]/div[2]/div[1]/div[1]/div[1]/div[4]/div[1]/md-tabs[1]/md-tabs-content-wrapper[1]/md-tab-content[2]/div[1]/md-content[1]/table[1]/tbody[1]/tr[3]/td[1]/table[1]/tbody[1]/tr[1]/td[10]/a[1]/i[1]]
Session ID: 0c6d8305c765c851442d4d1efed74094
	at org.openqa.selenium.remote.codec.w3c.W3CHttpResponseCodec.createException(W3CHttpResponseCodec.java:200)
	at org.openqa.selenium.remote.codec.w3c.W3CHttpResponseCodec.decode(W3CHttpResponseCodec.java:133)
	at org.openqa.selenium.remote.codec.w3c.W3CHttpResponseCodec.decode(W3CHttpResponseCodec.java:53)
	at org.openqa.selenium.remote.HttpCommandExecutor.execute(HttpCommandExecutor.java:184)
	at org.openqa.selenium.remote.service.DriverCommandExecutor.invokeExecute(DriverCommandExecutor.java:164)
	at org.openqa.selenium.remote.service.DriverCommandExecutor.execute(DriverCommandExecutor.java:139)
	at org.openqa.selenium.remote.RemoteWebDriver.execute(RemoteWebDriver.java:559)
	at org.openqa.selenium.remote.RemoteWebElement.execute(RemoteWebElement.java:251)
	at org.openqa.selenium.remote.RemoteWebElement.click(RemoteWebElement.java:77)
	at pages.DashBoard.ulip(DashBoard.java:390)
	at testcases.DashboardTest.ulipTest(DashboardTest.java:70)
	at java.base/java.util.ArrayList.forEach(ArrayList.java:1511)
... Removed 32 stack frames</pre></div><a href='#' onClick='toggleBox("stack-trace1915196011", this, "Click to show all stack frames", "Click to hide stack frames")'>Click to show all stack frames</a>
<div class='stack-trace' id='stack-trace1915196011'><pre>org.openqa.selenium.ElementClickInterceptedException: element click intercepted: Element &lt;i class=&quot;material-icons&quot;&gt;...&lt;/i&gt; is not clickable at point (1406, 645). Other element would receive the click: &lt;button class=&quot;md-button&quot; ng-click=&quot;menuAction($event,item,ctrl.investment,ctrl.parentInvestment,ctrl.basicid)&quot; style=&quot;margin:0;&quot;&gt;...&lt;/button&gt;
  (Session info: chrome=103.0.5060.114)
Build info: version: &apos;4.1.0&apos;, revision: &apos;87802e897b&apos;
System info: host: &apos;DESKTOP-JD55J81&apos;, ip: &apos;172.24.128.1&apos;, os.name: &apos;Windows 10&apos;, os.arch: &apos;amd64&apos;, os.version: &apos;10.0&apos;, java.version: &apos;15.0.2&apos;
Driver info: org.openqa.selenium.chrome.ChromeDriver
Command: [0c6d8305c765c851442d4d1efed74094, clickElement {id=187d5286-a61c-42b1-9d34-d6302441e57e}]
Capabilities {acceptInsecureCerts: false, browserName: chrome, browserVersion: 103.0.5060.114, chrome: {chromedriverVersion: 103.0.5060.134 (8ec6fce403b..., userDataDir: C:\Users\ANSHUM~1\AppData\L...}, goog:chromeOptions: {debuggerAddress: localhost:57264}, javascriptEnabled: true, networkConnectionEnabled: false, pageLoadStrategy: normal, platform: WINDOWS, platformName: WINDOWS, proxy: Proxy(), se:cdp: ws://localhost:57264/devtoo..., se:cdpVersion: 103.0.5060.114, setWindowRect: true, strictFileInteractability: false, timeouts: {implicit: 0, pageLoad: 300000, script: 30000}, unhandledPromptBehavior: dismiss and notify, webauthn:extension:credBlob: true, webauthn:extension:largeBlob: true, webauthn:virtualAuthenticators: true}
Element: [[ChromeDriver: chrome on WINDOWS (0c6d8305c765c851442d4d1efed74094)] -&gt; xpath: /html[1]/body[1]/div[1]/div[1]/div[2]/div[1]/div[1]/div[1]/div[4]/div[1]/md-tabs[1]/md-tabs-content-wrapper[1]/md-tab-content[2]/div[1]/md-content[1]/table[1]/tbody[1]/tr[3]/td[1]/table[1]/tbody[1]/tr[1]/td[10]/a[1]/i[1]]
Session ID: 0c6d8305c765c851442d4d1efed74094
	at java.base/jdk.internal.reflect.NativeConstructorAccessorImpl.newInstance0(Native Method)
	at java.base/jdk.internal.reflect.NativeConstructorAccessorImpl.newInstance(NativeConstructorAccessorImpl.java:64)
	at java.base/jdk.internal.reflect.DelegatingConstructorAccessorImpl.newInstance(DelegatingConstructorAccessorImpl.java:45)
	at java.base/java.lang.reflect.Constructor.newInstanceWithCaller(Constructor.java:500)
	at java.base/java.lang.reflect.Constructor.newInstance(Constructor.java:481)
	at org.openqa.selenium.remote.codec.w3c.W3CHttpResponseCodec.createException(W3CHttpResponseCodec.java:200)
	at org.openqa.selenium.remote.codec.w3c.W3CHttpResponseCodec.decode(W3CHttpResponseCodec.java:133)
	at org.openqa.selenium.remote.codec.w3c.W3CHttpResponseCodec.decode(W3CHttpResponseCodec.java:53)
	at org.openqa.selenium.remote.HttpCommandExecutor.execute(HttpCommandExecutor.java:184)
	at org.openqa.selenium.remote.service.DriverCommandExecutor.invokeExecute(DriverCommandExecutor.java:164)
	at org.openqa.selenium.remote.service.DriverCommandExecutor.execute(DriverCommandExecutor.java:139)
	at org.openqa.selenium.remote.RemoteWebDriver.execute(RemoteWebDriver.java:559)
	at org.openqa.selenium.remote.RemoteWebElement.execute(RemoteWebElement.java:251)
	at org.openqa.selenium.remote.RemoteWebElement.click(RemoteWebElement.java:77)
	at pages.DashBoard.ulip(DashBoard.java:390)
	at testcases.DashboardTest.ulipTest(DashboardTest.java:70)
	at java.base/jdk.internal.reflect.NativeMethodAccessorImpl.invoke0(Native Method)
	at java.base/jdk.internal.reflect.NativeMethodAccessorImpl.invoke(NativeMethodAccessorImpl.java:64)
	at java.base/jdk.internal.reflect.DelegatingMethodAccessorImpl.invoke(DelegatingMethodAccessorImpl.java:43)
	at java.base/java.lang.reflect.Method.invoke(Method.java:564)
	at org.testng.internal.MethodInvocationHelper.invokeMethod(MethodInvocationHelper.java:133)
	at org.testng.internal.TestInvoker.invokeMethod(TestInvoker.java:598)
	at org.testng.internal.TestInvoker.invokeTestMethod(TestInvoker.java:173)
	at org.testng.internal.MethodRunner.runInSequence(MethodRunner.java:46)
	at org.testng.internal.TestInvoker$MethodInvocationAgent.invoke(TestInvoker.java:824)
	at org.testng.internal.TestInvoker.invokeTestMethods(TestInvoker.java:146)
	at org.testng.internal.TestMethodWorker.invokeTestMethods(TestMethodWorker.java:146)
	at org.testng.internal.TestMethodWorker.run(TestMethodWorker.java:128)
	at java.base/java.util.ArrayList.forEach(ArrayList.java:1511)
	at org.testng.TestRunner.privateRun(TestRunner.java:794)
	at org.testng.TestRunner.run(TestRunner.java:596)
	at org.testng.SuiteRunner.runTest(SuiteRunner.java:377)
	at org.testng.SuiteRunner.runSequentially(SuiteRunner.java:371)
	at org.testng.SuiteRunner.privateRun(SuiteRunner.java:332)
	at org.testng.SuiteRunner.run(SuiteRunner.java:276)
	at org.testng.SuiteRunnerWorker.runSuite(SuiteRunnerWorker.java:53)
	at org.testng.SuiteRunnerWorker.run(SuiteRunnerWorker.java:96)
	at org.testng.TestNG.runSuitesSequentially(TestNG.java:1212)
	at org.testng.TestNG.runSuitesLocally(TestNG.java:1134)
	at org.testng.TestNG.runSuites(TestNG.java:1063)
	at org.testng.TestNG.run(TestNG.java:1031)
	at org.testng.remote.AbstractRemoteTestNG.run(AbstractRemoteTestNG.java:115)
	at org.testng.remote.RemoteTestNG.initAndRun(RemoteTestNG.java:251)
	at org.testng.remote.RemoteTestNG.main(RemoteTestNG.java:77)
</pre></div></td>
<td>19</td>
<td>testcases.DashboardTest@458342d3</td></tr>
</table><p>
<table width='100%' border='1' class='invocation-passed'>
<tr><td colspan='4' align='center'><b>PASSED TESTS</b></td></tr>
<tr><td><b>Test method</b></td>
<td width="30%"><b>Exception</b></td>
<td width="10%"><b>Time (seconds)</b></td>
<td><b>Instance</b></td>
</tr>
<tr>
<td title='testcases.DashboardTest.allMemAndActiveMFTest()'><b>allMemAndActiveMFTest</b><br>Test class: testcases.DashboardTest<br/>
<a href="#Output-1064279279" onClick='toggleBox("Output-1064279279", this, "Show output", "Hide output");'>Show output</a>

<a href="#Output-1064279279" onClick="toggleAllBoxes();">Show all outputs</a>
<div class='log' id="Output-1064279279">
All Member and Active MFMutual FundsExtensButton Open Successfully<br/>
All Member and Active MF Mutual One time add to cart Successfully <br/>
All Member and Active MF Mutual sell Successfully<br/>
All Member and Active MF Mutual Swith Successfully<br/>
All Member and Active MF Monthly Successfully<br/>
All Member and Active MF STP Successfully<br/>
All Member and Active MF SWP Successfully<br/>
</div>
</td>
<td></td>
<td>155</td>
<td>testcases.DashboardTest@458342d3</td></tr>
<tr>
<td title='testcases.DashboardTest.memberOtherInsuranceTest()'><b>memberOtherInsuranceTest</b><br>Test class: testcases.DashboardTest<br/>
<a href="#Output-1084772008" onClick='toggleBox("Output-1084772008", this, "Show output", "Hide output");'>Show output</a>

<a href="#Output-1084772008" onClick="toggleAllBoxes();">Show all outputs</a>
<div class='log' id="Output-1084772008">
 Member OtherInsurance Test  Successfully<br/>
</div>
</td>
<td></td>
<td>12</td>
<td>testcases.DashboardTest@458342d3</td></tr>
<tr>
<td title='testcases.DashboardTest.liquiloanTest()'><b>liquiloanTest</b><br>Test class: testcases.DashboardTest<br/>
<a href="#Output-1630192523" onClick='toggleBox("Output-1630192523", this, "Show output", "Hide output");'>Show output</a>

<a href="#Output-1630192523" onClick="toggleAllBoxes();">Show all outputs</a>
<div class='log' id="Output-1630192523">
liquiloan Test  Successfully<br/>
</div>
</td>
<td></td>
<td>16</td>
<td>testcases.DashboardTest@458342d3</td></tr>
<tr>
<td title='testcases.DashboardTest.allMemAndAllMFTest()'><b>allMemAndAllMFTest</b><br>Test class: testcases.DashboardTest<br/>
<a href="#Output-1560844138" onClick='toggleBox("Output-1560844138", this, "Show output", "Hide output");'>Show output</a>

<a href="#Output-1560844138" onClick="toggleAllBoxes();">Show all outputs</a>
<div class='log' id="Output-1560844138">
All Member and All MFMutual FundsExtensButton Open Successfully<br/>
All Member and All MFMutual One time add to cart Successfully <br/>
All Member and All MFMutual sell Successfully<br/>
All Member and All MFMutual Swith Successfully<br/>
</div>
</td>
<td></td>
<td>51</td>
<td>testcases.DashboardTest@458342d3</td></tr>
<tr>
<td title='testcases.DashboardTest.memberProtectionTest()'><b>memberProtectionTest</b><br>Test class: testcases.DashboardTest<br/>
<a href="#Output-1869228744" onClick='toggleBox("Output-1869228744", this, "Show output", "Hide output");'>Show output</a>

<a href="#Output-1869228744" onClick="toggleAllBoxes();">Show all outputs</a>
<div class='log' id="Output-1869228744">
 Member protectionTest Test  Successfully<br/>
</div>
</td>
<td></td>
<td>25</td>
<td>testcases.DashboardTest@458342d3</td></tr>
<tr>
<td title='testcases.DashboardTest.mfInvestmentDetails()'><b>mfInvestmentDetails</b><br>Test class: testcases.DashboardTest<br/>
<a href="#Output-15307978" onClick='toggleBox("Output-15307978", this, "Show output", "Hide output");'>Show output</a>

<a href="#Output-15307978" onClick="toggleAllBoxes();">Show all outputs</a>
<div class='log' id="Output-15307978">
View MF total Investment Summary Open successfull<br/>
All Member and Active MF Monthly Successfully<br/>
All Member and Active MF Monthly Successfully<br/>
</div>
</td>
<td></td>
<td>43</td>
<td>testcases.DashboardTest@458342d3</td></tr>
<tr>
<td title='testcases.DashboardTest.memberUlipTest()'><b>memberUlipTest</b><br>Test class: testcases.DashboardTest<br/>
<a href="#Output-852354068" onClick='toggleBox("Output-852354068", this, "Show output", "Hide output");'>Show output</a>

<a href="#Output-852354068" onClick="toggleAllBoxes();">Show all outputs</a>
<div class='log' id="Output-852354068">
Member Ulip Test  Successfully<br/>
</div>
</td>
<td></td>
<td>21</td>
<td>testcases.DashboardTest@458342d3</td></tr>
<tr>
<td title='testcases.DashboardTest.otherInsuranceTest()'><b>otherInsuranceTest</b><br>Test class: testcases.DashboardTest<br/>
<a href="#Output-451833108" onClick='toggleBox("Output-451833108", this, "Show output", "Hide output");'>Show output</a>

<a href="#Output-451833108" onClick="toggleAllBoxes();">Show all outputs</a>
<div class='log' id="Output-451833108">
OtherInsurance Test  Successfully<br/>
</div>
</td>
<td></td>
<td>10</td>
<td>testcases.DashboardTest@458342d3</td></tr>
<tr>
<td title='testcases.DashboardTest.protectionTest()'><b>protectionTest</b><br>Test class: testcases.DashboardTest<br/>
<a href="#Output-1369116416" onClick='toggleBox("Output-1369116416", this, "Show output", "Hide output");'>Show output</a>

<a href="#Output-1369116416" onClick="toggleAllBoxes();">Show all outputs</a>
<div class='log' id="Output-1369116416">
protectionTest Test  Successfully<br/>
</div>
</td>
<td></td>
<td>25</td>
<td>testcases.DashboardTest@458342d3</td></tr>
<tr>
<td title='testcases.DashboardTest.memberwiseMFTest()'><b>memberwiseMFTest</b><br>Test class: testcases.DashboardTest<br/>
<a href="#Output-15076442" onClick='toggleBox("Output-15076442", this, "Show output", "Hide output");'>Show output</a>

<a href="#Output-15076442" onClick="toggleAllBoxes();">Show all outputs</a>
<div class='log' id="Output-15076442">
 MemberWise and Active MFMutual FundsExtensButton Open Successfully<br/>
MemberWise and Active MF Mutual One time add to cart Successfully <br/>
MemberWise and Active MF Mutual sell Successfully<br/>
MemberWise and Active MF Mutual Swith Successfully<br/>
MemberWise and Active MF Monthly Successfully<br/>
MemberWise and Active MF STP Successfully<br/>
MemberWise and Active MF SWP Successfully<br/>
</div>
</td>
<td></td>
<td>168</td>
<td>testcases.DashboardTest@458342d3</td></tr>
<tr>
<td title='testcases.DashboardTest.pmsTest()'><b>pmsTest</b><br>Test class: testcases.DashboardTest<br/>
<a href="#Output-898959467" onClick='toggleBox("Output-898959467", this, "Show output", "Hide output");'>Show output</a>

<a href="#Output-898959467" onClick="toggleAllBoxes();">Show all outputs</a>
<div class='log' id="Output-898959467">
PMS Test  Successfully<br/>
</div>
</td>
<td></td>
<td>14</td>
<td>testcases.DashboardTest@458342d3</td></tr>
</table><p>
</body>
</html>