<?xml version="1.0" encoding="UTF-8"?>
<!-- Generated by org.testng.reporters.JUnitXMLReporter -->
<testsuite hostname="ANSHUMANLAPTOOP" ignored="0" name="User Login Test" tests="15" failures="1" timestamp="28 Feb 2020 07:29:13 GMT" time="190.457" errors="0">
  <testcase name="@AfterMethod addCustomer" time="10.133" classname="testcases.GoalTest">
    <failure type="org.openqa.selenium.ElementClickInterceptedException" message="element click intercepted: Element &amp;lt;a class=&amp;quot;nav-link&amp;quot; href=&amp;quot;#/dashboard/newgoal&amp;quot;&amp;gt;...&amp;lt;/a&amp;gt; is not clickable at point (121, 517). Other element would receive the click: &amp;lt;div class=&amp;quot;md-dialog-container ng-scope&amp;quot; tabindex=&amp;quot;-1&amp;quot; style=&amp;quot;top: 0px; height: 743px;&amp;quot;&amp;gt;...&amp;lt;/div&amp;gt;
  (Session info: chrome=80.0.3987.122)
Build info: version: &amp;apos;3.141.59&amp;apos;, revision: &amp;apos;e82be7d358&amp;apos;, time: &amp;apos;2018-11-14T08:17:03&amp;apos;
System info: host: &amp;apos;ANSHUMANLAPTOOP&amp;apos;, ip: &amp;apos;192.168.28.154&amp;apos;, os.name: &amp;apos;Windows 10&amp;apos;, os.arch: &amp;apos;amd64&amp;apos;, os.version: &amp;apos;10.0&amp;apos;, java.version: &amp;apos;1.8.0_241&amp;apos;
Driver info: org.openqa.selenium.chrome.ChromeDriver
Capabilities {acceptInsecureCerts: false, browserName: chrome, browserVersion: 80.0.3987.122, chrome: {chromedriverVersion: 80.0.3987.106 (f68069574609..., userDataDir: C:\Users\TEMP\AppData\Local...}, goog:chromeOptions: {debuggerAddress: localhost:51170}, javascriptEnabled: true, networkConnectionEnabled: false, pageLoadStrategy: normal, platform: WINDOWS, platformName: WINDOWS, proxy: Proxy(), setWindowRect: true, strictFileInteractability: false, timeouts: {implicit: 0, pageLoad: 300000, script: 30000}, unhandledPromptBehavior: dismiss and notify}
Session ID: 79ca8f51b93d9b8afaa117ab886b6285">
      <![CDATA[org.openqa.selenium.ElementClickInterceptedException: element click intercepted: Element <a class="nav-link" href="#/dashboard/newgoal">...</a> is not clickable at point (121, 517). Other element would receive the click: <div class="md-dialog-container ng-scope" tabindex="-1" style="top: 0px; height: 743px;">...</div>
  (Session info: chrome=80.0.3987.122)
Build info: version: '3.141.59', revision: 'e82be7d358', time: '2018-11-14T08:17:03'
System info: host: 'ANSHUMANLAPTOOP', ip: '192.168.28.154', os.name: 'Windows 10', os.arch: 'amd64', os.version: '10.0', java.version: '1.8.0_241'
Driver info: org.openqa.selenium.chrome.ChromeDriver
Capabilities {acceptInsecureCerts: false, browserName: chrome, browserVersion: 80.0.3987.122, chrome: {chromedriverVersion: 80.0.3987.106 (f68069574609..., userDataDir: C:\Users\TEMP\AppData\Local...}, goog:chromeOptions: {debuggerAddress: localhost:51170}, javascriptEnabled: true, networkConnectionEnabled: false, pageLoadStrategy: normal, platform: WINDOWS, platformName: WINDOWS, proxy: Proxy(), setWindowRect: true, strictFileInteractability: false, timeouts: {implicit: 0, pageLoad: 300000, script: 30000}, unhandledPromptBehavior: dismiss and notify}
Session ID: 79ca8f51b93d9b8afaa117ab886b6285
at org.openqa.selenium.remote.http.W3CHttpResponseCodec.createException(W3CHttpResponseCodec.java:187)
at org.openqa.selenium.remote.http.W3CHttpResponseCodec.decode(W3CHttpResponseCodec.java:122)
at org.openqa.selenium.remote.http.W3CHttpResponseCodec.decode(W3CHttpResponseCodec.java:49)
at org.openqa.selenium.remote.HttpCommandExecutor.execute(HttpCommandExecutor.java:158)
at org.openqa.selenium.remote.service.DriverCommandExecutor.execute(DriverCommandExecutor.java:83)
at org.openqa.selenium.remote.RemoteWebDriver.execute(RemoteWebDriver.java:552)
at org.openqa.selenium.remote.RemoteWebElement.execute(RemoteWebElement.java:285)
at org.openqa.selenium.remote.RemoteWebElement.click(RemoteWebElement.java:84)
at pages.Goals.setNewGoalButton(Goals.java:13)
at testcases.GoalTest.addCustomer(GoalTest.java:21)
... Removed 32 stack frames]]>
    </failure>
  </testcase> <!-- @AfterMethod addCustomer -->
  <testcase name="@AfterMethod addCustomer" time="0.0" classname="testcases.GoalTest">
    <skipped/>
  </testcase> <!-- @AfterMethod addCustomer -->
  <testcase name="@AfterMethod addCustomer" time="0.0" classname="testcases.GoalTest">
    <skipped/>
  </testcase> <!-- @AfterMethod addCustomer -->
  <testcase name="@AfterMethod addCustomer" time="0.0" classname="testcases.GoalTest">
    <skipped/>
  </testcase> <!-- @AfterMethod addCustomer -->
  <testcase name="@AfterMethod addCustomer" time="0.0" classname="testcases.GoalTest">
    <skipped/>
  </testcase> <!-- @AfterMethod addCustomer -->
  <testcase name="@AfterMethod addCustomer" time="0.0" classname="testcases.GoalTest">
    <skipped/>
  </testcase> <!-- @AfterMethod addCustomer -->
  <testcase name="@AfterMethod addCustomer" time="0.0" classname="testcases.GoalTest">
    <skipped/>
  </testcase> <!-- @AfterMethod addCustomer -->
  <testcase name="@AfterMethod addCustomer" time="0.0" classname="testcases.GoalTest">
    <skipped/>
  </testcase> <!-- @AfterMethod addCustomer -->
  <testcase name="@AfterMethod addCustomer" time="0.0" classname="testcases.GoalTest">
    <skipped/>
  </testcase> <!-- @AfterMethod addCustomer -->
  <testcase name="@AfterMethod addCustomer" time="0.0" classname="testcases.GoalTest">
    <skipped/>
  </testcase> <!-- @AfterMethod addCustomer -->
  <testcase name="@AfterMethod addCustomer" time="0.0" classname="testcases.GoalTest">
    <skipped/>
  </testcase> <!-- @AfterMethod addCustomer -->
  <testcase name="@AfterMethod addCustomer" time="0.0" classname="testcases.GoalTest">
    <skipped/>
  </testcase> <!-- @AfterMethod addCustomer -->
  <testcase name="testHomeGoal" time="35.623" classname="testcases.GoalTest"/>
  <testcase name="testChildEducationGoal" time="49.504" classname="testcases.GoalTest"/>
  <testcase name="testYourEducationGoal" time="51.427" classname="testcases.GoalTest"/>
  <testcase name="testCar" time="15.155" classname="testcases.GoalTest">
    <failure type="org.openqa.selenium.ElementNotInteractableException" message="element not interactable
  (Session info: chrome=80.0.3987.122)
Build info: version: &amp;apos;3.141.59&amp;apos;, revision: &amp;apos;e82be7d358&amp;apos;, time: &amp;apos;2018-11-14T08:17:03&amp;apos;
System info: host: &amp;apos;ANSHUMANLAPTOOP&amp;apos;, ip: &amp;apos;192.168.28.154&amp;apos;, os.name: &amp;apos;Windows 10&amp;apos;, os.arch: &amp;apos;amd64&amp;apos;, os.version: &amp;apos;10.0&amp;apos;, java.version: &amp;apos;1.8.0_241&amp;apos;
Driver info: org.openqa.selenium.chrome.ChromeDriver
Capabilities {acceptInsecureCerts: false, browserName: chrome, browserVersion: 80.0.3987.122, chrome: {chromedriverVersion: 80.0.3987.106 (f68069574609..., userDataDir: C:\Users\TEMP\AppData\Local...}, goog:chromeOptions: {debuggerAddress: localhost:51170}, javascriptEnabled: true, networkConnectionEnabled: false, pageLoadStrategy: normal, platform: WINDOWS, platformName: WINDOWS, proxy: Proxy(), setWindowRect: true, strictFileInteractability: false, timeouts: {implicit: 0, pageLoad: 300000, script: 30000}, unhandledPromptBehavior: dismiss and notify}
Session ID: 79ca8f51b93d9b8afaa117ab886b6285">
      <![CDATA[org.openqa.selenium.ElementNotInteractableException: element not interactable
  (Session info: chrome=80.0.3987.122)
Build info: version: '3.141.59', revision: 'e82be7d358', time: '2018-11-14T08:17:03'
System info: host: 'ANSHUMANLAPTOOP', ip: '192.168.28.154', os.name: 'Windows 10', os.arch: 'amd64', os.version: '10.0', java.version: '1.8.0_241'
Driver info: org.openqa.selenium.chrome.ChromeDriver
Capabilities {acceptInsecureCerts: false, browserName: chrome, browserVersion: 80.0.3987.122, chrome: {chromedriverVersion: 80.0.3987.106 (f68069574609..., userDataDir: C:\Users\TEMP\AppData\Local...}, goog:chromeOptions: {debuggerAddress: localhost:51170}, javascriptEnabled: true, networkConnectionEnabled: false, pageLoadStrategy: normal, platform: WINDOWS, platformName: WINDOWS, proxy: Proxy(), setWindowRect: true, strictFileInteractability: false, timeouts: {implicit: 0, pageLoad: 300000, script: 30000}, unhandledPromptBehavior: dismiss and notify}
Session ID: 79ca8f51b93d9b8afaa117ab886b6285
at org.openqa.selenium.remote.http.W3CHttpResponseCodec.createException(W3CHttpResponseCodec.java:187)
at org.openqa.selenium.remote.http.W3CHttpResponseCodec.decode(W3CHttpResponseCodec.java:122)
at org.openqa.selenium.remote.http.W3CHttpResponseCodec.decode(W3CHttpResponseCodec.java:49)
at org.openqa.selenium.remote.HttpCommandExecutor.execute(HttpCommandExecutor.java:158)
at org.openqa.selenium.remote.service.DriverCommandExecutor.execute(DriverCommandExecutor.java:83)
at org.openqa.selenium.remote.RemoteWebDriver.execute(RemoteWebDriver.java:552)
at org.openqa.selenium.remote.RemoteWebElement.execute(RemoteWebElement.java:285)
at org.openqa.selenium.remote.RemoteWebElement.click(RemoteWebElement.java:84)
at pages.Goals.addCargoal(Goals.java:87)
at testcases.GoalTest.testCar(GoalTest.java:43)
... Removed 29 stack frames]]>
    </failure>
  </testcase> <!-- testCar -->
  <testcase name="testTravellPlan" time="0.0" classname="testcases.GoalTest">
    <skipped/>
  </testcase> <!-- testTravellPlan -->
  <testcase name="testChildWedding" time="0.0" classname="testcases.GoalTest">
    <skipped/>
  </testcase> <!-- testChildWedding -->
  <testcase name="testBikeGoal" time="0.0" classname="testcases.GoalTest">
    <skipped/>
  </testcase> <!-- testBikeGoal -->
  <testcase name="testYourWedding" time="0.0" classname="testcases.GoalTest">
    <skipped/>
  </testcase> <!-- testYourWedding -->
  <testcase name="testFamilyPlaning" time="0.0" classname="testcases.GoalTest">
    <skipped/>
  </testcase> <!-- testFamilyPlaning -->
  <testcase name="testSabbatical" time="0.0" classname="testcases.GoalTest">
    <skipped/>
  </testcase> <!-- testSabbatical -->
  <testcase name="testRetairment" time="0.0" classname="testcases.GoalTest">
    <skipped/>
  </testcase> <!-- testRetairment -->
  <testcase name="testNewBusiness" time="0.0" classname="testcases.GoalTest">
    <skipped/>
  </testcase> <!-- testNewBusiness -->
  <testcase name="testOtherGoal" time="0.0" classname="testcases.GoalTest">
    <skipped/>
  </testcase> <!-- testOtherGoal -->
  <testcase name="testWealthCreation" time="0.0" classname="testcases.GoalTest">
    <skipped/>
  </testcase> <!-- testWealthCreation -->
  <testcase name="testDeleteAllGoals" time="0.0" classname="testcases.GoalTest">
    <skipped/>
  </testcase> <!-- testDeleteAllGoals -->
</testsuite> <!-- User Login Test -->
