<?xml version="1.0" encoding="utf-8" ?>
<!DOCTYPE html PUBLIC "-//W3C//DTD XHTML 1.0 Strict//EN"
        "http://www.w3.org/TR/xhtml1/DTD/xhtml1-strict.dtd">
<html xmlns="http://www.w3.org/1999/xhtml" xml:lang="" lang="">
<head>
  <title>Test Results Report - DashboardTest</title>
  <meta http-equiv="Content-Type" content="text/html;charset=utf-8" />
  <meta name="description" content="TestNG unit test results." />
  <link href="reportng.css" rel="stylesheet" type="text/css" />
    <script type="text/javascript" src="reportng.js"></script>
</head>
<body>
<h1>DashboardTest</h1>
<p>
  Test duration: 600.216s
</p>



  <table class="resultsTable">
    <tr><th colspan="3" class="header failed">Failed Tests</th></tr>
          <tr>
        <td colspan="3" class="group">testcases.DashboardTest</td>
      </tr>
            
<tr>
  <td class="method">
                  goalWiseInvestmentTest
      </td>
  <td class="duration">
    34.816s
  </td>
  <td class="result">
        
    
            <div class="testOutput">
                        goalwise MF Active Investments Btn Open Successfully
                                Goal wise Ulip Test  Successfully
                                <a href=null target="_blank">Capture Screenshot</a>
                                <br>
                                <a href=null target="_blank"><img src=null height=200 width=200></a>
                  </div>
    

        <a href="javascript:toggleElement('exception-0', 'block')" title="Click to expand/collapse"><b>org.openqa.selenium.ElementClickInterceptedException: element click intercepted: Element &lt;span class=&quot;ng-binding ng-scope&quot;&gt;...&lt;/span&gt; is not clickable at point (824, 395). Other element would receive the click: &lt;div class=&quot;md-dialog-container ng-scope&quot; tabindex=&quot;-1&quot; style=&quot;top: 54.6296px; height: 683px;&quot;&gt;...&lt;/div&gt;<br/>
&nbsp; (Session info: chrome=103.0.5060.114)<br/>
Build info: version: &apos;4.1.0&apos;, revision: &apos;87802e897b&apos;<br/>
System info: host: &apos;DESKTOP-JD55J81&apos;, ip: &apos;172.24.128.1&apos;, os.name: &apos;Windows 10&apos;, os.arch: &apos;amd64&apos;, os.version: &apos;10.0&apos;, java.version: &apos;15.0.2&apos;<br/>
Driver info: org.openqa.selenium.chrome.ChromeDriver<br/>
Command: [0c6d8305c765c851442d4d1efed74094, clickElement {id=64d1560a-4374-46bd-894d-c3fa872c494c}]<br/>
Capabilities {acceptInsecureCerts: false, browserName: chrome, browserVersion: 103.0.5060.114, chrome: {chromedriverVersion: 103.0.5060.134 (8ec6fce403b..., userDataDir: C:\Users\ANSHUM~1\AppData\L...}, goog:chromeOptions: {debuggerAddress: localhost:57264}, javascriptEnabled: true, networkConnectionEnabled: false, pageLoadStrategy: normal, platform: WINDOWS, platformName: WINDOWS, proxy: Proxy(), se:cdp: ws://localhost:57264/devtoo..., se:cdpVersion: 103.0.5060.114, setWindowRect: true, strictFileInteractability: false, timeouts: {implicit: 0, pageLoad: 300000, script: 30000}, unhandledPromptBehavior: dismiss and notify, webauthn:extension:credBlob: true, webauthn:extension:largeBlob: true, webauthn:virtualAuthenticators: true}<br/>
Element: [[ChromeDriver: chrome on WINDOWS (0c6d8305c765c851442d4d1efed74094)] -&gt; xpath: /html[1]/body[1]/div[1]/div[1]/div[2]/div[1]/div[1]/div[1]/div[1]/div[3]/md-tabs[1]/md-tabs-wrapper[1]/md-tabs-canvas[1]/md-pagination-wrapper[1]/md-tab-item[5]/span[1]]<br/>
Session ID: 0c6d8305c765c851442d4d1efed74094</b></a><br />
    <div class="stackTrace" id="exception-0">
              java.base/jdk.internal.reflect.NativeConstructorAccessorImpl.newInstance0(Native Method)<br />
              java.base/jdk.internal.reflect.NativeConstructorAccessorImpl.newInstance(NativeConstructorAccessorImpl.java:64)<br />
              java.base/jdk.internal.reflect.DelegatingConstructorAccessorImpl.newInstance(DelegatingConstructorAccessorImpl.java:45)<br />
              java.base/java.lang.reflect.Constructor.newInstanceWithCaller(Constructor.java:500)<br />
              java.base/java.lang.reflect.Constructor.newInstance(Constructor.java:481)<br />
              org.openqa.selenium.remote.codec.w3c.W3CHttpResponseCodec.createException(W3CHttpResponseCodec.java:200)<br />
              org.openqa.selenium.remote.codec.w3c.W3CHttpResponseCodec.decode(W3CHttpResponseCodec.java:133)<br />
              org.openqa.selenium.remote.codec.w3c.W3CHttpResponseCodec.decode(W3CHttpResponseCodec.java:53)<br />
              org.openqa.selenium.remote.HttpCommandExecutor.execute(HttpCommandExecutor.java:184)<br />
              org.openqa.selenium.remote.service.DriverCommandExecutor.invokeExecute(DriverCommandExecutor.java:164)<br />
              org.openqa.selenium.remote.service.DriverCommandExecutor.execute(DriverCommandExecutor.java:139)<br />
              org.openqa.selenium.remote.RemoteWebDriver.execute(RemoteWebDriver.java:559)<br />
              org.openqa.selenium.remote.RemoteWebElement.execute(RemoteWebElement.java:251)<br />
              org.openqa.selenium.remote.RemoteWebElement.click(RemoteWebElement.java:77)<br />
              pages.DashBoard.goalwisePMS(DashBoard.java:566)<br />
              testcases.DashboardTest.goalWiseInvestmentTest(DashboardTest.java:172)<br />
              java.base/jdk.internal.reflect.NativeMethodAccessorImpl.invoke0(Native Method)<br />
              java.base/jdk.internal.reflect.NativeMethodAccessorImpl.invoke(NativeMethodAccessorImpl.java:64)<br />
              java.base/jdk.internal.reflect.DelegatingMethodAccessorImpl.invoke(DelegatingMethodAccessorImpl.java:43)<br />
              java.base/java.lang.reflect.Method.invoke(Method.java:564)<br />
              org.testng.internal.MethodInvocationHelper.invokeMethod(MethodInvocationHelper.java:133)<br />
              org.testng.internal.TestInvoker.invokeMethod(TestInvoker.java:598)<br />
              org.testng.internal.TestInvoker.invokeTestMethod(TestInvoker.java:173)<br />
              org.testng.internal.MethodRunner.runInSequence(MethodRunner.java:46)<br />
              org.testng.internal.TestInvoker$MethodInvocationAgent.invoke(TestInvoker.java:824)<br />
              org.testng.internal.TestInvoker.invokeTestMethods(TestInvoker.java:146)<br />
              org.testng.internal.TestMethodWorker.invokeTestMethods(TestMethodWorker.java:146)<br />
              org.testng.internal.TestMethodWorker.run(TestMethodWorker.java:128)<br />
              java.base/java.util.ArrayList.forEach(ArrayList.java:1511)<br />
              org.testng.TestRunner.privateRun(TestRunner.java:794)<br />
              org.testng.TestRunner.run(TestRunner.java:596)<br />
              org.testng.SuiteRunner.runTest(SuiteRunner.java:377)<br />
              org.testng.SuiteRunner.runSequentially(SuiteRunner.java:371)<br />
              org.testng.SuiteRunner.privateRun(SuiteRunner.java:332)<br />
              org.testng.SuiteRunner.run(SuiteRunner.java:276)<br />
              org.testng.SuiteRunnerWorker.runSuite(SuiteRunnerWorker.java:53)<br />
              org.testng.SuiteRunnerWorker.run(SuiteRunnerWorker.java:96)<br />
              org.testng.TestNG.runSuitesSequentially(TestNG.java:1212)<br />
              org.testng.TestNG.runSuitesLocally(TestNG.java:1134)<br />
              org.testng.TestNG.runSuites(TestNG.java:1063)<br />
              org.testng.TestNG.run(TestNG.java:1031)<br />
              org.testng.remote.AbstractRemoteTestNG.run(AbstractRemoteTestNG.java:115)<br />
              org.testng.remote.RemoteTestNG.initAndRun(RemoteTestNG.java:251)<br />
              org.testng.remote.RemoteTestNG.main(RemoteTestNG.java:77)<br />
                </div>
      </td>
</tr>
<tr>
  <td class="method">
                  ulipTest
      </td>
  <td class="duration">
    19.635s
  </td>
  <td class="result">
        
    
            <div class="testOutput">
                        <a href=null target="_blank">Capture Screenshot</a>
                                <br>
                                <a href=null target="_blank"><img src=null height=200 width=200></a>
                  </div>
    

        <a href="javascript:toggleElement('exception-1', 'block')" title="Click to expand/collapse"><b>org.openqa.selenium.ElementClickInterceptedException: element click intercepted: Element &lt;i class=&quot;material-icons&quot;&gt;...&lt;/i&gt; is not clickable at point (1406, 645). Other element would receive the click: &lt;button class=&quot;md-button&quot; ng-click=&quot;menuAction($event,item,ctrl.investment,ctrl.parentInvestment,ctrl.basicid)&quot; style=&quot;margin:0;&quot;&gt;...&lt;/button&gt;<br/>
&nbsp; (Session info: chrome=103.0.5060.114)<br/>
Build info: version: &apos;4.1.0&apos;, revision: &apos;87802e897b&apos;<br/>
System info: host: &apos;DESKTOP-JD55J81&apos;, ip: &apos;172.24.128.1&apos;, os.name: &apos;Windows 10&apos;, os.arch: &apos;amd64&apos;, os.version: &apos;10.0&apos;, java.version: &apos;15.0.2&apos;<br/>
Driver info: org.openqa.selenium.chrome.ChromeDriver<br/>
Command: [0c6d8305c765c851442d4d1efed74094, clickElement {id=187d5286-a61c-42b1-9d34-d6302441e57e}]<br/>
Capabilities {acceptInsecureCerts: false, browserName: chrome, browserVersion: 103.0.5060.114, chrome: {chromedriverVersion: 103.0.5060.134 (8ec6fce403b..., userDataDir: C:\Users\ANSHUM~1\AppData\L...}, goog:chromeOptions: {debuggerAddress: localhost:57264}, javascriptEnabled: true, networkConnectionEnabled: false, pageLoadStrategy: normal, platform: WINDOWS, platformName: WINDOWS, proxy: Proxy(), se:cdp: ws://localhost:57264/devtoo..., se:cdpVersion: 103.0.5060.114, setWindowRect: true, strictFileInteractability: false, timeouts: {implicit: 0, pageLoad: 300000, script: 30000}, unhandledPromptBehavior: dismiss and notify, webauthn:extension:credBlob: true, webauthn:extension:largeBlob: true, webauthn:virtualAuthenticators: true}<br/>
Element: [[ChromeDriver: chrome on WINDOWS (0c6d8305c765c851442d4d1efed74094)] -&gt; xpath: /html[1]/body[1]/div[1]/div[1]/div[2]/div[1]/div[1]/div[1]/div[4]/div[1]/md-tabs[1]/md-tabs-content-wrapper[1]/md-tab-content[2]/div[1]/md-content[1]/table[1]/tbody[1]/tr[3]/td[1]/table[1]/tbody[1]/tr[1]/td[10]/a[1]/i[1]]<br/>
Session ID: 0c6d8305c765c851442d4d1efed74094</b></a><br />
    <div class="stackTrace" id="exception-1">
              java.base/jdk.internal.reflect.NativeConstructorAccessorImpl.newInstance0(Native Method)<br />
              java.base/jdk.internal.reflect.NativeConstructorAccessorImpl.newInstance(NativeConstructorAccessorImpl.java:64)<br />
              java.base/jdk.internal.reflect.DelegatingConstructorAccessorImpl.newInstance(DelegatingConstructorAccessorImpl.java:45)<br />
              java.base/java.lang.reflect.Constructor.newInstanceWithCaller(Constructor.java:500)<br />
              java.base/java.lang.reflect.Constructor.newInstance(Constructor.java:481)<br />
              org.openqa.selenium.remote.codec.w3c.W3CHttpResponseCodec.createException(W3CHttpResponseCodec.java:200)<br />
              org.openqa.selenium.remote.codec.w3c.W3CHttpResponseCodec.decode(W3CHttpResponseCodec.java:133)<br />
              org.openqa.selenium.remote.codec.w3c.W3CHttpResponseCodec.decode(W3CHttpResponseCodec.java:53)<br />
              org.openqa.selenium.remote.HttpCommandExecutor.execute(HttpCommandExecutor.java:184)<br />
              org.openqa.selenium.remote.service.DriverCommandExecutor.invokeExecute(DriverCommandExecutor.java:164)<br />
              org.openqa.selenium.remote.service.DriverCommandExecutor.execute(DriverCommandExecutor.java:139)<br />
              org.openqa.selenium.remote.RemoteWebDriver.execute(RemoteWebDriver.java:559)<br />
              org.openqa.selenium.remote.RemoteWebElement.execute(RemoteWebElement.java:251)<br />
              org.openqa.selenium.remote.RemoteWebElement.click(RemoteWebElement.java:77)<br />
              pages.DashBoard.ulip(DashBoard.java:390)<br />
              testcases.DashboardTest.ulipTest(DashboardTest.java:70)<br />
              java.base/jdk.internal.reflect.NativeMethodAccessorImpl.invoke0(Native Method)<br />
              java.base/jdk.internal.reflect.NativeMethodAccessorImpl.invoke(NativeMethodAccessorImpl.java:64)<br />
              java.base/jdk.internal.reflect.DelegatingMethodAccessorImpl.invoke(DelegatingMethodAccessorImpl.java:43)<br />
              java.base/java.lang.reflect.Method.invoke(Method.java:564)<br />
              org.testng.internal.MethodInvocationHelper.invokeMethod(MethodInvocationHelper.java:133)<br />
              org.testng.internal.TestInvoker.invokeMethod(TestInvoker.java:598)<br />
              org.testng.internal.TestInvoker.invokeTestMethod(TestInvoker.java:173)<br />
              org.testng.internal.MethodRunner.runInSequence(MethodRunner.java:46)<br />
              org.testng.internal.TestInvoker$MethodInvocationAgent.invoke(TestInvoker.java:824)<br />
              org.testng.internal.TestInvoker.invokeTestMethods(TestInvoker.java:146)<br />
              org.testng.internal.TestMethodWorker.invokeTestMethods(TestMethodWorker.java:146)<br />
              org.testng.internal.TestMethodWorker.run(TestMethodWorker.java:128)<br />
              java.base/java.util.ArrayList.forEach(ArrayList.java:1511)<br />
              org.testng.TestRunner.privateRun(TestRunner.java:794)<br />
              org.testng.TestRunner.run(TestRunner.java:596)<br />
              org.testng.SuiteRunner.runTest(SuiteRunner.java:377)<br />
              org.testng.SuiteRunner.runSequentially(SuiteRunner.java:371)<br />
              org.testng.SuiteRunner.privateRun(SuiteRunner.java:332)<br />
              org.testng.SuiteRunner.run(SuiteRunner.java:276)<br />
              org.testng.SuiteRunnerWorker.runSuite(SuiteRunnerWorker.java:53)<br />
              org.testng.SuiteRunnerWorker.run(SuiteRunnerWorker.java:96)<br />
              org.testng.TestNG.runSuitesSequentially(TestNG.java:1212)<br />
              org.testng.TestNG.runSuitesLocally(TestNG.java:1134)<br />
              org.testng.TestNG.runSuites(TestNG.java:1063)<br />
              org.testng.TestNG.run(TestNG.java:1031)<br />
              org.testng.remote.AbstractRemoteTestNG.run(AbstractRemoteTestNG.java:115)<br />
              org.testng.remote.RemoteTestNG.initAndRun(RemoteTestNG.java:251)<br />
              org.testng.remote.RemoteTestNG.main(RemoteTestNG.java:77)<br />
                </div>
      </td>
</tr>
      </table>


  <table class="resultsTable">
    <tr><th colspan="3" class="header passed">Passed Tests</th></tr>
          <tr>
        <td colspan="3" class="group">testcases.DashboardTest</td>
      </tr>
            
<tr>
  <td class="method">
                  allMemAndActiveMFTest
      </td>
  <td class="duration">
    155.588s
  </td>
  <td class="result">
        
    
            <div class="testOutput">
                        All Member and Active MFMutual FundsExtensButton Open Successfully
                                All Member and Active MF Mutual One time add to cart Successfully 
                                All Member and Active MF Mutual sell Successfully
                                All Member and Active MF Mutual Swith Successfully
                                All Member and Active MF Monthly Successfully
                                All Member and Active MF STP Successfully
                                All Member and Active MF SWP Successfully
                  </div>
    

      </td>
</tr>
<tr>
  <td class="method">
                  allMemAndAllMFTest
      </td>
  <td class="duration">
    51.493s
  </td>
  <td class="result">
        
    
            <div class="testOutput">
                        All Member and All MFMutual FundsExtensButton Open Successfully
                                All Member and All MFMutual One time add to cart Successfully 
                                All Member and All MFMutual sell Successfully
                                All Member and All MFMutual Swith Successfully
                  </div>
    

      </td>
</tr>
<tr>
  <td class="method">
                  liquiloanTest
      </td>
  <td class="duration">
    16.927s
  </td>
  <td class="result">
        
    
            <div class="testOutput">
                        liquiloan Test  Successfully
                  </div>
    

      </td>
</tr>
<tr>
  <td class="method">
                  memberOtherInsuranceTest
      </td>
  <td class="duration">
    12.213s
  </td>
  <td class="result">
        
    
            <div class="testOutput">
                         Member OtherInsurance Test  Successfully
                  </div>
    

      </td>
</tr>
<tr>
  <td class="method">
                  memberProtectionTest
      </td>
  <td class="duration">
    25.920s
  </td>
  <td class="result">
        
    
            <div class="testOutput">
                         Member protectionTest Test  Successfully
                  </div>
    

      </td>
</tr>
<tr>
  <td class="method">
                  memberUlipTest
      </td>
  <td class="duration">
    21.898s
  </td>
  <td class="result">
        
    
            <div class="testOutput">
                        Member Ulip Test  Successfully
                  </div>
    

      </td>
</tr>
<tr>
  <td class="method">
                  memberwiseMFTest
      </td>
  <td class="duration">
    168.521s
  </td>
  <td class="result">
        
    
            <div class="testOutput">
                         MemberWise and Active MFMutual FundsExtensButton Open Successfully
                                MemberWise and Active MF Mutual One time add to cart Successfully 
                                MemberWise and Active MF Mutual sell Successfully
                                MemberWise and Active MF Mutual Swith Successfully
                                MemberWise and Active MF Monthly Successfully
                                MemberWise and Active MF STP Successfully
                                MemberWise and Active MF SWP Successfully
                  </div>
    

      </td>
</tr>
<tr>
  <td class="method">
                  mfInvestmentDetails
      </td>
  <td class="duration">
    43.155s
  </td>
  <td class="result">
        
    
            <div class="testOutput">
                        View MF total Investment Summary Open successfull
                                All Member and Active MF Monthly Successfully
                                All Member and Active MF Monthly Successfully
                  </div>
    

      </td>
</tr>
<tr>
  <td class="method">
                  otherInsuranceTest
      </td>
  <td class="duration">
    10.035s
  </td>
  <td class="result">
        
    
            <div class="testOutput">
                        OtherInsurance Test  Successfully
                  </div>
    

      </td>
</tr>
<tr>
  <td class="method">
                  pmsTest
      </td>
  <td class="duration">
    14.323s
  </td>
  <td class="result">
        
    
            <div class="testOutput">
                        PMS Test  Successfully
                  </div>
    

      </td>
</tr>
<tr>
  <td class="method">
                  protectionTest
      </td>
  <td class="duration">
    25.692s
  </td>
  <td class="result">
        
    
            <div class="testOutput">
                        protectionTest Test  Successfully
                  </div>
    

      </td>
</tr>
      </table>
  
</body>
</html>
