<!DOCTYPE html PUBLIC "-//W3C//DTD XHTML 1.1//EN" "https://www.w3.org/TR/xhtml11/DTD/xhtml11.dtd">
<html xmlns="https://www.w3.org/1999/xhtml">
<head>
<meta http-equiv="content-type" content="text/html; charset=UTF-8"/>
<title>TestNG Report</title>
<style type="text/css">table {margin-bottom:10px;border-collapse:collapse;empty-cells:show}th,td {border:1px solid #009;padding:.25em .5em}th {vertical-align:bottom}td {vertical-align:top}table a {font-weight:bold}.stripe td {background-color: #E6EBF9}.num {text-align:right}.passedodd td {background-color: #3F3}.passedeven td {background-color: #0A0}.skippedodd td {background-color: #DDD}.skippedeven td {background-color: #CCC}.failedodd td,.attn {background-color: #F33}.failedeven td,.stripe .attn {background-color: #D00}.stacktrace {white-space:pre;font-family:monospace}.totop {font-size:85%;text-align:center;border-bottom:2px solid #000}.invisible {display:none}</style>
</head>
<body>
<table>
<tr><th>Test</th><th># Passed</th><th># Skipped</th><th># Retried</th><th># Failed</th><th>Time (ms)</th><th>Included Groups</th><th>Excluded Groups</th></tr>
<tr><th colspan="8">TestNG Suite</th></tr>
<tr><td><a href="#t0">KYC Test</a></td><td class="num">2</td><td class="num">0</td><td class="num">0</td><td class="num">0</td><td class="num">171,347</td><td></td><td></td></tr>
<tr class="stripe"><td><a href="#t1">NewUserTesting</a></td><td class="num">2</td><td class="num">0</td><td class="num">0</td><td class="num attn">1</td><td class="num">467,238</td><td></td><td></td></tr>
<tr><td><a href="#t2">ClientInvestementTan</a></td><td class="num">0</td><td class="num">0</td><td class="num">0</td><td class="num attn">1</td><td class="num">31,785</td><td></td><td></td></tr>
<tr class="stripe"><td><a href="#t3">Additional Purchage Test</a></td><td class="num">3</td><td class="num">0</td><td class="num">0</td><td class="num attn">2</td><td class="num">200,441</td><td></td><td></td></tr>
<tr><td><a href="#t4">DashboardTest</a></td><td class="num">12</td><td class="num">0</td><td class="num">0</td><td class="num attn">1</td><td class="num">602,859</td><td></td><td></td></tr>
<tr class="stripe"><td><a href="#t5">PaymentGetwayTest</a></td><td class="num">0</td><td class="num">0</td><td class="num">0</td><td class="num attn">1</td><td class="num">40,599</td><td></td><td></td></tr>
<tr><td><a href="#t6">Edit Profile Test</a></td><td class="num">0</td><td class="num">0</td><td class="num">0</td><td class="num attn">2</td><td class="num">348,730</td><td></td><td></td></tr>
<tr class="stripe"><td><a href="#t7">CAS Upload  Test</a></td><td class="num">1</td><td class="num">0</td><td class="num">0</td><td class="num">0</td><td class="num">3</td><td></td><td></td></tr>
<tr><th>Total</th><th class="num">20</th><th class="num">0</th><th class="num">0</th><th class="num attn">8</th><th class="num">1,863,002</th><th colspan="2"></th></tr>
</table>
<table id='summary'><thead><tr><th>Class</th><th>Method</th><th>Start</th><th>Time (ms)</th></tr></thead><tbody><tr><th colspan="4">TestNG Suite</th></tr></tbody><tbody id="t0"><tr><th colspan="4">KYC Test &#8212; passed</th></tr><tr class="passedeven"><td rowspan="2">testcases.KYCtest</td><td><a href="#m0">allreadyKyc</a></td><td rowspan="1">1657946630621</td><td rowspan="1">158822</td></tr><tr class="passedeven"><td><a href="#m1">websiteRegistarion</a></td><td rowspan="1">1657946618201</td><td rowspan="1">12411</td></tr></tbody>
<tbody id="t1"><tr><th colspan="4">NewUserTesting &#8212; failed</th></tr><tr class="failedeven"><td rowspan="1">testcases.NewUserWithKYC</td><td><a href="#m2">taxPlanningaddtoCart</a></td><td rowspan="1">1657947193517</td><td rowspan="1">62638</td></tr><tr><th colspan="4">NewUserTesting &#8212; passed</th></tr><tr class="passedeven"><td rowspan="2">testcases.NewUserWithKYC</td><td><a href="#m3">goalAddtocartTest</a></td><td rowspan="1">1657946789488</td><td rowspan="1">240263</td></tr><tr class="passedeven"><td><a href="#m4">sipAddtocartTest</a></td><td rowspan="1">1657947029759</td><td rowspan="1">163755</td></tr></tbody>
<tbody id="t2"><tr><th colspan="4">ClientInvestementTan &#8212; failed</th></tr><tr class="failedeven"><td rowspan="1">testcases.ClientInvestementTabTest</td><td><a href="#m5">investmentTab</a></td><td rowspan="1">1657947256753</td><td rowspan="1">31563</td></tr></tbody>
<tbody id="t3"><tr><th colspan="4">Additional Purchage Test &#8212; failed</th></tr><tr class="failedeven"><td rowspan="2">testcases.AdditonalPurchaseTest</td><td><a href="#m6">additinalPurchaseTest</a></td><td rowspan="1">1657947298444</td><td rowspan="1">71540</td></tr><tr class="failedeven"><td><a href="#m7">liquiLoanTest</a></td><td rowspan="1">1657947403862</td><td rowspan="1">34516</td></tr><tr><th colspan="4">Additional Purchage Test &#8212; passed</th></tr><tr class="passedeven"><td rowspan="3">testcases.AdditonalPurchaseTest</td><td><a href="#m8">gaolButton</a></td><td rowspan="1">1657947288563</td><td rowspan="1">9872</td></tr><tr class="passedeven"><td><a href="#m9">insuranceTest</a></td><td rowspan="1">1657947370203</td><td rowspan="1">33658</td></tr><tr class="passedeven"><td><a href="#m10">pmsTest</a></td><td rowspan="1">1657947438592</td><td rowspan="1">50404</td></tr></tbody>
<tbody id="t4"><tr><th colspan="4">DashboardTest &#8212; failed</th></tr><tr class="failedeven"><td rowspan="1">testcases.DashboardTest</td><td><a href="#m11">ulipTest</a></td><td rowspan="1">1657947740971</td><td rowspan="1">19547</td></tr><tr><th colspan="4">DashboardTest &#8212; passed</th></tr><tr class="passedeven"><td rowspan="12">testcases.DashboardTest</td><td><a href="#m12">allMemAndActiveMFTest</a></td><td rowspan="1">1657947541101</td><td rowspan="1">156627</td></tr><tr class="passedeven"><td><a href="#m13">allMemAndAllMFTest</a></td><td rowspan="1">1657947489026</td><td rowspan="1">52071</td></tr><tr class="passedeven"><td><a href="#m14">goalWiseInvestmentTest</a></td><td rowspan="1">1657948052105</td><td rowspan="1">39777</td></tr><tr class="passedeven"><td><a href="#m15">liquiloanTest</a></td><td rowspan="1">1657947770609</td><td rowspan="1">17043</td></tr><tr class="passedeven"><td><a href="#m16">memberOtherInsuranceTest</a></td><td rowspan="1">1657948016300</td><td rowspan="1">12306</td></tr><tr class="passedeven"><td><a href="#m17">memberProtectionTest</a></td><td rowspan="1">1657948028607</td><td rowspan="1">23489</td></tr><tr class="passedeven"><td><a href="#m18">memberUlipTest</a></td><td rowspan="1">1657947994670</td><td rowspan="1">21628</td></tr><tr class="passedeven"><td><a href="#m19">memberwiseMFTest</a></td><td rowspan="1">1657947828653</td><td rowspan="1">166015</td></tr><tr class="passedeven"><td><a href="#m20">mfInvestmentDetails</a></td><td rowspan="1">1657947697730</td><td rowspan="1">43235</td></tr><tr class="passedeven"><td><a href="#m21">otherInsuranceTest</a></td><td rowspan="1">1657947761005</td><td rowspan="1">9600</td></tr><tr class="passedeven"><td><a href="#m22">pmsTest</a></td><td rowspan="1">1657947787653</td><td rowspan="1">15065</td></tr><tr class="passedeven"><td><a href="#m23">protectionTest</a></td><td rowspan="1">1657947802719</td><td rowspan="1">25933</td></tr></tbody>
<tbody id="t5"><tr><th colspan="4">PaymentGetwayTest &#8212; failed</th></tr><tr class="failedeven"><td rowspan="1">testcases.PaymentGetwayTest</td><td><a href="#m24">paymentGetwayTest</a></td><td rowspan="1">1657948091911</td><td rowspan="1">40035</td></tr></tbody>
<tbody id="t6"><tr><th colspan="4">Edit Profile Test &#8212; failed</th></tr><tr class="failedeven"><td rowspan="2">testcases.EditProfileTest</td><td><a href="#m25">addressRequestTest</a></td><td rowspan="1">1657948132537</td><td rowspan="1">243629</td></tr><tr class="failedeven"><td><a href="#m26">bankRequestTest</a></td><td rowspan="1">1657948376298</td><td rowspan="1">104786</td></tr></tbody>
<tbody id="t7"><tr><th colspan="4">CAS Upload  Test &#8212; passed</th></tr><tr class="passedeven"><td rowspan="1">testcases.CASuploadTest</td><td><a href="#m27">casUploadTest</a></td><td rowspan="1">1657948481277</td><td rowspan="1">0</td></tr></tbody>
</table>
<h2>KYC Test</h2><h3 id="m0">testcases.KYCtest#allreadyKyc</h3><table class="result"><tr class="param"><th>Parameter #1</th></tr><tr class="param stripe"><td>TEEPT2091I</td></tr></table><p class="totop"><a href="#summary">back to summary</a></p>
<h3 id="m1">testcases.KYCtest#websiteRegistarion</h3><table class="result"><tr class="param"><th>Parameter #1</th><th>Parameter #2</th><th>Parameter #3</th><th>Parameter #4</th></tr><tr class="param stripe"><td>testweb16july22@gmail.com</td><td>Anhsuman Singh</td><td>8368264851</td><td>12345678</td></tr><tr><th colspan="4">Messages</th></tr><tr><td colspan="4"><div class="messages">WebSite Registarion Done Successfully</div></td></tr></table><p class="totop"><a href="#summary">back to summary</a></p>
<h2>NewUserTesting</h2><h3 id="m2">testcases.NewUserWithKYC#taxPlanningaddtoCart</h3><table class="result"><tr><th>Messages</th></tr><tr><td><div class="messages"><a href=null target="_blank">Capture Screenshot</a><br/><br><br/><a href=null target="_blank"><img src=null height=200 width=200></a></div></td></tr><tr><th>Exception</th></tr><tr><td><div class="stacktrace">org.openqa.selenium.NoSuchElementException: no such element: Unable to locate element: {&quot;method&quot;:&quot;xpath&quot;,&quot;selector&quot;:&quot;/html/body/div[5]/md-dialog/md-dialog-actions/button[3]&quot;}
  (Session info: chrome=103.0.5060.114)
For documentation on this error, please visit: https://selenium.dev/exceptions/#no_such_element
Build info: version: &apos;4.1.0&apos;, revision: &apos;87802e897b&apos;
System info: host: &apos;DESKTOP-JD55J81&apos;, ip: &apos;192.168.1.31&apos;, os.name: &apos;Windows 10&apos;, os.arch: &apos;amd64&apos;, os.version: &apos;10.0&apos;, java.version: &apos;15.0.2&apos;
Driver info: org.openqa.selenium.chrome.ChromeDriver
Command: [ef0fbbd8ef785b9ee9a945de1312156b, findElement {using=xpath, value=/html/body/div[5]/md-dialog/md-dialog-actions/button[3]}]
Capabilities {acceptInsecureCerts: false, browserName: chrome, browserVersion: 103.0.5060.114, chrome: {chromedriverVersion: 103.0.5060.53 (a1711811edd7..., userDataDir: C:\Users\ANSHUM~1\AppData\L...}, goog:chromeOptions: {debuggerAddress: localhost:57795}, javascriptEnabled: true, networkConnectionEnabled: false, pageLoadStrategy: normal, platform: WINDOWS, platformName: WINDOWS, proxy: Proxy(), se:cdp: ws://localhost:57795/devtoo..., se:cdpVersion: 103.0.5060.114, setWindowRect: true, strictFileInteractability: false, timeouts: {implicit: 0, pageLoad: 300000, script: 30000}, unhandledPromptBehavior: dismiss and notify, webauthn:extension:credBlob: true, webauthn:extension:largeBlob: true, webauthn:virtualAuthenticators: true}
Session ID: ef0fbbd8ef785b9ee9a945de1312156b
	at org.openqa.selenium.remote.codec.w3c.W3CHttpResponseCodec.createException(W3CHttpResponseCodec.java:200)
	at org.openqa.selenium.remote.codec.w3c.W3CHttpResponseCodec.decode(W3CHttpResponseCodec.java:133)
	at org.openqa.selenium.remote.codec.w3c.W3CHttpResponseCodec.decode(W3CHttpResponseCodec.java:53)
	at org.openqa.selenium.remote.HttpCommandExecutor.execute(HttpCommandExecutor.java:184)
	at org.openqa.selenium.remote.service.DriverCommandExecutor.invokeExecute(DriverCommandExecutor.java:164)
	at org.openqa.selenium.remote.service.DriverCommandExecutor.execute(DriverCommandExecutor.java:139)
	at org.openqa.selenium.remote.RemoteWebDriver.execute(RemoteWebDriver.java:559)
	at org.openqa.selenium.remote.ElementLocation$ElementFinder$2.findElement(ElementLocation.java:162)
	at org.openqa.selenium.remote.ElementLocation.findElement(ElementLocation.java:60)
	at org.openqa.selenium.remote.RemoteWebDriver.findElement(RemoteWebDriver.java:383)
	at org.openqa.selenium.remote.RemoteWebDriver.findElement(RemoteWebDriver.java:375)
	at pages.TaxPlanning.addTaxPlanning(TaxPlanning.java:37)
	at testcases.NewUserWithKYC.taxPlanningaddtoCart(NewUserWithKYC.java:91)
	at java.base/java.util.ArrayList.forEach(ArrayList.java:1511)
... Removed 32 stack frames</div></td></tr></table><p class="totop"><a href="#summary">back to summary</a></p>
<h3 id="m3">testcases.NewUserWithKYC#goalAddtocartTest</h3><table class="result"><tr><th>Messages</th></tr><tr><td><div class="messages">Goal add Successfully<br/>Recommended Scheme one Time add Successfully<br/>Recommended Scheme Monthly add Successfully<br/>Search Scheme Monthly add Successfully<br/>Search Scheme OneTime add Successfully</div></td></tr></table><p class="totop"><a href="#summary">back to summary</a></p>
<h3 id="m4">testcases.NewUserWithKYC#sipAddtocartTest</h3><table class="result"><tr><th>Messages</th></tr><tr><td><div class="messages">Quci SIP add Successfully<br/>Recommended Scheme Monthly add Successfully<br/>Search Scheme Monthly add Successfully</div></td></tr></table><p class="totop"><a href="#summary">back to summary</a></p>
<h2>ClientInvestementTan</h2><h3 id="m5">testcases.ClientInvestementTabTest#investmentTab</h3><table class="result"><tr><th>Messages</th></tr><tr><td><div class="messages">Goal investment open Successfully<br/>Goal investment open Successfully<br/><a href=null target="_blank">Capture Screenshot</a><br/><br><br/><a href=null target="_blank"><img src=null height=200 width=200></a></div></td></tr><tr><th>Exception</th></tr><tr><td><div class="stacktrace">org.openqa.selenium.ElementClickInterceptedException: element click intercepted: Element &lt;a class=&quot;nav-link&quot; href=&quot;dashboard/allinvestments&quot;&gt;...&lt;/a&gt; is not clickable at point (121, 129). Other element would receive the click: &lt;div class=&quot;md-dialog-container ng-scope&quot; tabindex=&quot;-1&quot; style=&quot;top: 0px; height: 683px;&quot;&gt;...&lt;/div&gt;
  (Session info: chrome=103.0.5060.114)
Build info: version: &apos;4.1.0&apos;, revision: &apos;87802e897b&apos;
System info: host: &apos;DESKTOP-JD55J81&apos;, ip: &apos;192.168.1.31&apos;, os.name: &apos;Windows 10&apos;, os.arch: &apos;amd64&apos;, os.version: &apos;10.0&apos;, java.version: &apos;15.0.2&apos;
Driver info: org.openqa.selenium.chrome.ChromeDriver
Command: [ef0fbbd8ef785b9ee9a945de1312156b, clickElement {id=6cb0d39d-8c39-43de-8631-54daacf2c7e8}]
Capabilities {acceptInsecureCerts: false, browserName: chrome, browserVersion: 103.0.5060.114, chrome: {chromedriverVersion: 103.0.5060.53 (a1711811edd7..., userDataDir: C:\Users\ANSHUM~1\AppData\L...}, goog:chromeOptions: {debuggerAddress: localhost:57795}, javascriptEnabled: true, networkConnectionEnabled: false, pageLoadStrategy: normal, platform: WINDOWS, platformName: WINDOWS, proxy: Proxy(), se:cdp: ws://localhost:57795/devtoo..., se:cdpVersion: 103.0.5060.114, setWindowRect: true, strictFileInteractability: false, timeouts: {implicit: 0, pageLoad: 300000, script: 30000}, unhandledPromptBehavior: dismiss and notify, webauthn:extension:credBlob: true, webauthn:extension:largeBlob: true, webauthn:virtualAuthenticators: true}
Element: [[ChromeDriver: chrome on WINDOWS (ef0fbbd8ef785b9ee9a945de1312156b)] -&gt; link text: Investments]
Session ID: ef0fbbd8ef785b9ee9a945de1312156b
	at org.openqa.selenium.remote.codec.w3c.W3CHttpResponseCodec.createException(W3CHttpResponseCodec.java:200)
	at org.openqa.selenium.remote.codec.w3c.W3CHttpResponseCodec.decode(W3CHttpResponseCodec.java:133)
	at org.openqa.selenium.remote.codec.w3c.W3CHttpResponseCodec.decode(W3CHttpResponseCodec.java:53)
	at org.openqa.selenium.remote.HttpCommandExecutor.execute(HttpCommandExecutor.java:184)
	at org.openqa.selenium.remote.service.DriverCommandExecutor.invokeExecute(DriverCommandExecutor.java:164)
	at org.openqa.selenium.remote.service.DriverCommandExecutor.execute(DriverCommandExecutor.java:139)
	at org.openqa.selenium.remote.RemoteWebDriver.execute(RemoteWebDriver.java:559)
	at org.openqa.selenium.remote.RemoteWebElement.execute(RemoteWebElement.java:251)
	at org.openqa.selenium.remote.RemoteWebElement.click(RemoteWebElement.java:77)
	at pages.ClientInvesmetTab.totalinvestment(ClientInvesmetTab.java:19)
	at testcases.ClientInvestementTabTest.investmentTab(ClientInvestementTabTest.java:24)
	at java.base/java.util.ArrayList.forEach(ArrayList.java:1511)
... Removed 32 stack frames</div></td></tr></table><p class="totop"><a href="#summary">back to summary</a></p>
<h2>Additional Purchage Test</h2><h3 id="m6">testcases.AdditonalPurchaseTest#additinalPurchaseTest</h3><table class="result"><tr><th>Messages</th></tr><tr><td><div class="messages"><a href=null target="_blank">Capture Screenshot</a><br/><br><br/><a href=null target="_blank"><img src=null height=200 width=200></a></div></td></tr><tr><th>Exception</th></tr><tr><td><div class="stacktrace">org.openqa.selenium.NoSuchElementException: no such element: Unable to locate element: {&quot;method&quot;:&quot;xpath&quot;,&quot;selector&quot;:&quot;//*[@id=&quot;input_23&quot;]&quot;}
  (Session info: chrome=103.0.5060.114)
For documentation on this error, please visit: https://selenium.dev/exceptions/#no_such_element
Build info: version: &apos;4.1.0&apos;, revision: &apos;87802e897b&apos;
System info: host: &apos;DESKTOP-JD55J81&apos;, ip: &apos;192.168.1.31&apos;, os.name: &apos;Windows 10&apos;, os.arch: &apos;amd64&apos;, os.version: &apos;10.0&apos;, java.version: &apos;15.0.2&apos;
Driver info: org.openqa.selenium.chrome.ChromeDriver
Command: [ef0fbbd8ef785b9ee9a945de1312156b, findElement {using=xpath, value=//*[@id=&quot;input_23&quot;]}]
Capabilities {acceptInsecureCerts: false, browserName: chrome, browserVersion: 103.0.5060.114, chrome: {chromedriverVersion: 103.0.5060.53 (a1711811edd7..., userDataDir: C:\Users\ANSHUM~1\AppData\L...}, goog:chromeOptions: {debuggerAddress: localhost:57795}, javascriptEnabled: true, networkConnectionEnabled: false, pageLoadStrategy: normal, platform: WINDOWS, platformName: WINDOWS, proxy: Proxy(), se:cdp: ws://localhost:57795/devtoo..., se:cdpVersion: 103.0.5060.114, setWindowRect: true, strictFileInteractability: false, timeouts: {implicit: 0, pageLoad: 300000, script: 30000}, unhandledPromptBehavior: dismiss and notify, webauthn:extension:credBlob: true, webauthn:extension:largeBlob: true, webauthn:virtualAuthenticators: true}
Session ID: ef0fbbd8ef785b9ee9a945de1312156b
	at org.openqa.selenium.remote.codec.w3c.W3CHttpResponseCodec.createException(W3CHttpResponseCodec.java:200)
	at org.openqa.selenium.remote.codec.w3c.W3CHttpResponseCodec.decode(W3CHttpResponseCodec.java:133)
	at org.openqa.selenium.remote.codec.w3c.W3CHttpResponseCodec.decode(W3CHttpResponseCodec.java:53)
	at org.openqa.selenium.remote.HttpCommandExecutor.execute(HttpCommandExecutor.java:184)
	at org.openqa.selenium.remote.service.DriverCommandExecutor.invokeExecute(DriverCommandExecutor.java:164)
	at org.openqa.selenium.remote.service.DriverCommandExecutor.execute(DriverCommandExecutor.java:139)
	at org.openqa.selenium.remote.RemoteWebDriver.execute(RemoteWebDriver.java:559)
	at org.openqa.selenium.remote.ElementLocation$ElementFinder$2.findElement(ElementLocation.java:162)
	at org.openqa.selenium.remote.ElementLocation.findElement(ElementLocation.java:60)
	at org.openqa.selenium.remote.RemoteWebDriver.findElement(RemoteWebDriver.java:383)
	at org.openqa.selenium.remote.RemoteWebDriver.findElement(RemoteWebDriver.java:375)
	at pages.AdditionalPurchase.additinalPurchase(AdditionalPurchase.java:39)
	at testcases.AdditonalPurchaseTest.additinalPurchaseTest(AdditonalPurchaseTest.java:28)
	at java.base/java.util.ArrayList.forEach(ArrayList.java:1511)
... Removed 32 stack frames</div></td></tr></table><p class="totop"><a href="#summary">back to summary</a></p>
<h3 id="m7">testcases.AdditonalPurchaseTest#liquiLoanTest</h3><table class="result"><tr><th>Messages</th></tr><tr><td><div class="messages"><a href=null target="_blank">Capture Screenshot</a><br/><br><br/><a href=null target="_blank"><img src=null height=200 width=200></a></div></td></tr><tr><th>Exception</th></tr><tr><td><div class="stacktrace">org.openqa.selenium.ElementClickInterceptedException: element click intercepted: Element &lt;span class=&quot;ng-scope&quot;&gt;...&lt;/span&gt; is not clickable at point (867, 242). Other element would receive the click: &lt;div class=&quot;swal-modal&quot; role=&quot;dialog&quot; aria-modal=&quot;true&quot;&gt;...&lt;/div&gt;
  (Session info: chrome=103.0.5060.114)
Build info: version: &apos;4.1.0&apos;, revision: &apos;87802e897b&apos;
System info: host: &apos;DESKTOP-JD55J81&apos;, ip: &apos;192.168.1.31&apos;, os.name: &apos;Windows 10&apos;, os.arch: &apos;amd64&apos;, os.version: &apos;10.0&apos;, java.version: &apos;15.0.2&apos;
Driver info: org.openqa.selenium.chrome.ChromeDriver
Command: [ef0fbbd8ef785b9ee9a945de1312156b, clickElement {id=835e2bb2-4035-476d-92f0-90d03a40e34f}]
Capabilities {acceptInsecureCerts: false, browserName: chrome, browserVersion: 103.0.5060.114, chrome: {chromedriverVersion: 103.0.5060.53 (a1711811edd7..., userDataDir: C:\Users\ANSHUM~1\AppData\L...}, goog:chromeOptions: {debuggerAddress: localhost:57795}, javascriptEnabled: true, networkConnectionEnabled: false, pageLoadStrategy: normal, platform: WINDOWS, platformName: WINDOWS, proxy: Proxy(), se:cdp: ws://localhost:57795/devtoo..., se:cdpVersion: 103.0.5060.114, setWindowRect: true, strictFileInteractability: false, timeouts: {implicit: 0, pageLoad: 300000, script: 30000}, unhandledPromptBehavior: dismiss and notify, webauthn:extension:credBlob: true, webauthn:extension:largeBlob: true, webauthn:virtualAuthenticators: true}
Element: [[ChromeDriver: chrome on WINDOWS (ef0fbbd8ef785b9ee9a945de1312156b)] -&gt; xpath: /html/body/div[1]/div/div[2]/div/div/div/div[2]/div/md-card/md-card-content/div/div[2]/div[3]/md-input-container/button/span]
Session ID: ef0fbbd8ef785b9ee9a945de1312156b
	at org.openqa.selenium.remote.codec.w3c.W3CHttpResponseCodec.createException(W3CHttpResponseCodec.java:200)
	at org.openqa.selenium.remote.codec.w3c.W3CHttpResponseCodec.decode(W3CHttpResponseCodec.java:133)
	at org.openqa.selenium.remote.codec.w3c.W3CHttpResponseCodec.decode(W3CHttpResponseCodec.java:53)
	at org.openqa.selenium.remote.HttpCommandExecutor.execute(HttpCommandExecutor.java:184)
	at org.openqa.selenium.remote.service.DriverCommandExecutor.invokeExecute(DriverCommandExecutor.java:164)
	at org.openqa.selenium.remote.service.DriverCommandExecutor.execute(DriverCommandExecutor.java:139)
	at org.openqa.selenium.remote.RemoteWebDriver.execute(RemoteWebDriver.java:559)
	at org.openqa.selenium.remote.RemoteWebElement.execute(RemoteWebElement.java:251)
	at org.openqa.selenium.remote.RemoteWebElement.click(RemoteWebElement.java:77)
	at pages.AdditionalPurchase.liquiLoanPage(AdditionalPurchase.java:219)
	at testcases.AdditonalPurchaseTest.liquiLoanTest(AdditonalPurchaseTest.java:45)
	at java.base/java.util.ArrayList.forEach(ArrayList.java:1511)
... Removed 32 stack frames</div></td></tr></table><p class="totop"><a href="#summary">back to summary</a></p>
<h3 id="m8">testcases.AdditonalPurchaseTest#gaolButton</h3><table class="result"><tr><th class="invisible"/></tr></table><p class="totop"><a href="#summary">back to summary</a></p>
<h3 id="m9">testcases.AdditonalPurchaseTest#insuranceTest</h3><table class="result"><tr><th>Messages</th></tr><tr><td><div class="messages">Insurance Test Successfull</div></td></tr></table><p class="totop"><a href="#summary">back to summary</a></p>
<h3 id="m10">testcases.AdditonalPurchaseTest#pmsTest</h3><table class="result"><tr><th>Messages</th></tr><tr><td><div class="messages">PMS Test Successfull</div></td></tr></table><p class="totop"><a href="#summary">back to summary</a></p>
<h2>DashboardTest</h2><h3 id="m11">testcases.DashboardTest#ulipTest</h3><table class="result"><tr><th>Messages</th></tr><tr><td><div class="messages"><a href=null target="_blank">Capture Screenshot</a><br/><br><br/><a href=null target="_blank"><img src=null height=200 width=200></a></div></td></tr><tr><th>Exception</th></tr><tr><td><div class="stacktrace">org.openqa.selenium.ElementClickInterceptedException: element click intercepted: Element &lt;i class=&quot;material-icons&quot;&gt;...&lt;/i&gt; is not clickable at point (1406, 645). Other element would receive the click: &lt;button class=&quot;md-button&quot; ng-click=&quot;menuAction($event,item,ctrl.investment,ctrl.parentInvestment,ctrl.basicid)&quot; style=&quot;margin:0;&quot;&gt;...&lt;/button&gt;
  (Session info: chrome=103.0.5060.114)
Build info: version: &apos;4.1.0&apos;, revision: &apos;87802e897b&apos;
System info: host: &apos;DESKTOP-JD55J81&apos;, ip: &apos;192.168.1.31&apos;, os.name: &apos;Windows 10&apos;, os.arch: &apos;amd64&apos;, os.version: &apos;10.0&apos;, java.version: &apos;15.0.2&apos;
Driver info: org.openqa.selenium.chrome.ChromeDriver
Command: [ef0fbbd8ef785b9ee9a945de1312156b, clickElement {id=6428b587-7964-42b0-bd45-e3351593a76e}]
Capabilities {acceptInsecureCerts: false, browserName: chrome, browserVersion: 103.0.5060.114, chrome: {chromedriverVersion: 103.0.5060.53 (a1711811edd7..., userDataDir: C:\Users\ANSHUM~1\AppData\L...}, goog:chromeOptions: {debuggerAddress: localhost:57795}, javascriptEnabled: true, networkConnectionEnabled: false, pageLoadStrategy: normal, platform: WINDOWS, platformName: WINDOWS, proxy: Proxy(), se:cdp: ws://localhost:57795/devtoo..., se:cdpVersion: 103.0.5060.114, setWindowRect: true, strictFileInteractability: false, timeouts: {implicit: 0, pageLoad: 300000, script: 30000}, unhandledPromptBehavior: dismiss and notify, webauthn:extension:credBlob: true, webauthn:extension:largeBlob: true, webauthn:virtualAuthenticators: true}
Element: [[ChromeDriver: chrome on WINDOWS (ef0fbbd8ef785b9ee9a945de1312156b)] -&gt; xpath: /html[1]/body[1]/div[1]/div[1]/div[2]/div[1]/div[1]/div[1]/div[4]/div[1]/md-tabs[1]/md-tabs-content-wrapper[1]/md-tab-content[2]/div[1]/md-content[1]/table[1]/tbody[1]/tr[3]/td[1]/table[1]/tbody[1]/tr[1]/td[10]/a[1]/i[1]]
Session ID: ef0fbbd8ef785b9ee9a945de1312156b
	at org.openqa.selenium.remote.codec.w3c.W3CHttpResponseCodec.createException(W3CHttpResponseCodec.java:200)
	at org.openqa.selenium.remote.codec.w3c.W3CHttpResponseCodec.decode(W3CHttpResponseCodec.java:133)
	at org.openqa.selenium.remote.codec.w3c.W3CHttpResponseCodec.decode(W3CHttpResponseCodec.java:53)
	at org.openqa.selenium.remote.HttpCommandExecutor.execute(HttpCommandExecutor.java:184)
	at org.openqa.selenium.remote.service.DriverCommandExecutor.invokeExecute(DriverCommandExecutor.java:164)
	at org.openqa.selenium.remote.service.DriverCommandExecutor.execute(DriverCommandExecutor.java:139)
	at org.openqa.selenium.remote.RemoteWebDriver.execute(RemoteWebDriver.java:559)
	at org.openqa.selenium.remote.RemoteWebElement.execute(RemoteWebElement.java:251)
	at org.openqa.selenium.remote.RemoteWebElement.click(RemoteWebElement.java:77)
	at pages.DashBoard.ulip(DashBoard.java:390)
	at testcases.DashboardTest.ulipTest(DashboardTest.java:70)
	at java.base/java.util.ArrayList.forEach(ArrayList.java:1511)
... Removed 32 stack frames</div></td></tr></table><p class="totop"><a href="#summary">back to summary</a></p>
<h3 id="m12">testcases.DashboardTest#allMemAndActiveMFTest</h3><table class="result"><tr><th>Messages</th></tr><tr><td><div class="messages">All Member and Active MFMutual FundsExtensButton Open Successfully<br/>All Member and Active MF Mutual One time add to cart Successfully <br/>All Member and Active MF Mutual sell Successfully<br/>All Member and Active MF Mutual Swith Successfully<br/>All Member and Active MF Monthly Successfully<br/>All Member and Active MF STP Successfully<br/>All Member and Active MF SWP Successfully</div></td></tr></table><p class="totop"><a href="#summary">back to summary</a></p>
<h3 id="m13">testcases.DashboardTest#allMemAndAllMFTest</h3><table class="result"><tr><th>Messages</th></tr><tr><td><div class="messages">All Member and All MFMutual FundsExtensButton Open Successfully<br/>All Member and All MFMutual One time add to cart Successfully <br/>All Member and All MFMutual sell Successfully<br/>All Member and All MFMutual Swith Successfully</div></td></tr></table><p class="totop"><a href="#summary">back to summary</a></p>
<h3 id="m14">testcases.DashboardTest#goalWiseInvestmentTest</h3><table class="result"><tr><th>Messages</th></tr><tr><td><div class="messages">goalwise MF Active Investments Btn Open Successfully<br/>Goal wise Ulip Test  Successfully<br/>Goal wise PMS Test  Successfully</div></td></tr></table><p class="totop"><a href="#summary">back to summary</a></p>
<h3 id="m15">testcases.DashboardTest#liquiloanTest</h3><table class="result"><tr><th>Messages</th></tr><tr><td><div class="messages">liquiloan Test  Successfully</div></td></tr></table><p class="totop"><a href="#summary">back to summary</a></p>
<h3 id="m16">testcases.DashboardTest#memberOtherInsuranceTest</h3><table class="result"><tr><th>Messages</th></tr><tr><td><div class="messages"> Member OtherInsurance Test  Successfully</div></td></tr></table><p class="totop"><a href="#summary">back to summary</a></p>
<h3 id="m17">testcases.DashboardTest#memberProtectionTest</h3><table class="result"><tr><th>Messages</th></tr><tr><td><div class="messages"> Member protectionTest Test  Successfully</div></td></tr></table><p class="totop"><a href="#summary">back to summary</a></p>
<h3 id="m18">testcases.DashboardTest#memberUlipTest</h3><table class="result"><tr><th>Messages</th></tr><tr><td><div class="messages">Member Ulip Test  Successfully</div></td></tr></table><p class="totop"><a href="#summary">back to summary</a></p>
<h3 id="m19">testcases.DashboardTest#memberwiseMFTest</h3><table class="result"><tr><th>Messages</th></tr><tr><td><div class="messages"> MemberWise and Active MFMutual FundsExtensButton Open Successfully<br/>MemberWise and Active MF Mutual One time add to cart Successfully <br/>MemberWise and Active MF Mutual sell Successfully<br/>MemberWise and Active MF Mutual Swith Successfully<br/>MemberWise and Active MF Monthly Successfully<br/>MemberWise and Active MF STP Successfully<br/>MemberWise and Active MF SWP Successfully</div></td></tr></table><p class="totop"><a href="#summary">back to summary</a></p>
<h3 id="m20">testcases.DashboardTest#mfInvestmentDetails</h3><table class="result"><tr><th>Messages</th></tr><tr><td><div class="messages">View MF total Investment Summary Open successfull<br/>All Member and Active MF Monthly Successfully<br/>All Member and Active MF Monthly Successfully</div></td></tr></table><p class="totop"><a href="#summary">back to summary</a></p>
<h3 id="m21">testcases.DashboardTest#otherInsuranceTest</h3><table class="result"><tr><th>Messages</th></tr><tr><td><div class="messages">OtherInsurance Test  Successfully</div></td></tr></table><p class="totop"><a href="#summary">back to summary</a></p>
<h3 id="m22">testcases.DashboardTest#pmsTest</h3><table class="result"><tr><th>Messages</th></tr><tr><td><div class="messages">PMS Test  Successfully</div></td></tr></table><p class="totop"><a href="#summary">back to summary</a></p>
<h3 id="m23">testcases.DashboardTest#protectionTest</h3><table class="result"><tr><th>Messages</th></tr><tr><td><div class="messages">protectionTest Test  Successfully</div></td></tr></table><p class="totop"><a href="#summary">back to summary</a></p>
<h2>PaymentGetwayTest</h2><h3 id="m24">testcases.PaymentGetwayTest#paymentGetwayTest</h3><table class="result"><tr><th>Messages</th></tr><tr><td><div class="messages"><a href=null target="_blank">Capture Screenshot</a><br/><br><br/><a href=null target="_blank"><img src=null height=200 width=200></a></div></td></tr><tr><th>Exception</th></tr><tr><td><div class="stacktrace">org.openqa.selenium.ElementNotInteractableException: element not interactable
  (Session info: chrome=103.0.5060.114)
Build info: version: &apos;4.1.0&apos;, revision: &apos;87802e897b&apos;
System info: host: &apos;DESKTOP-JD55J81&apos;, ip: &apos;192.168.1.31&apos;, os.name: &apos;Windows 10&apos;, os.arch: &apos;amd64&apos;, os.version: &apos;10.0&apos;, java.version: &apos;15.0.2&apos;
Driver info: org.openqa.selenium.chrome.ChromeDriver
Command: [ef0fbbd8ef785b9ee9a945de1312156b, clickElement {id=0683e909-0059-49e9-bb83-cfce5c1a7ddf}]
Capabilities {acceptInsecureCerts: false, browserName: chrome, browserVersion: 103.0.5060.114, chrome: {chromedriverVersion: 103.0.5060.53 (a1711811edd7..., userDataDir: C:\Users\ANSHUM~1\AppData\L...}, goog:chromeOptions: {debuggerAddress: localhost:57795}, javascriptEnabled: true, networkConnectionEnabled: false, pageLoadStrategy: normal, platform: WINDOWS, platformName: WINDOWS, proxy: Proxy(), se:cdp: ws://localhost:57795/devtoo..., se:cdpVersion: 103.0.5060.114, setWindowRect: true, strictFileInteractability: false, timeouts: {implicit: 0, pageLoad: 300000, script: 30000}, unhandledPromptBehavior: dismiss and notify, webauthn:extension:credBlob: true, webauthn:extension:largeBlob: true, webauthn:virtualAuthenticators: true}
Element: [[ChromeDriver: chrome on WINDOWS (ef0fbbd8ef785b9ee9a945de1312156b)] -&gt; xpath: /html/body/div[1]/div/div[2]/div/div/div/div[2]/md-toolbar[1]/div/button]
Session ID: ef0fbbd8ef785b9ee9a945de1312156b
	at org.openqa.selenium.remote.codec.w3c.W3CHttpResponseCodec.createException(W3CHttpResponseCodec.java:200)
	at org.openqa.selenium.remote.codec.w3c.W3CHttpResponseCodec.decode(W3CHttpResponseCodec.java:133)
	at org.openqa.selenium.remote.codec.w3c.W3CHttpResponseCodec.decode(W3CHttpResponseCodec.java:53)
	at org.openqa.selenium.remote.HttpCommandExecutor.execute(HttpCommandExecutor.java:184)
	at org.openqa.selenium.remote.service.DriverCommandExecutor.invokeExecute(DriverCommandExecutor.java:164)
	at org.openqa.selenium.remote.service.DriverCommandExecutor.execute(DriverCommandExecutor.java:139)
	at org.openqa.selenium.remote.RemoteWebDriver.execute(RemoteWebDriver.java:559)
	at org.openqa.selenium.remote.RemoteWebElement.execute(RemoteWebElement.java:251)
	at org.openqa.selenium.remote.RemoteWebElement.click(RemoteWebElement.java:77)
	at pages.PaymentGetway.paymentContinueBtn(PaymentGetway.java:13)
	at testcases.PaymentGetwayTest.paymentGetwayTest(PaymentGetwayTest.java:20)
	at java.base/java.util.ArrayList.forEach(ArrayList.java:1511)
... Removed 32 stack frames</div></td></tr></table><p class="totop"><a href="#summary">back to summary</a></p>
<h2>Edit Profile Test</h2><h3 id="m25">testcases.EditProfileTest#addressRequestTest</h3><table class="result"><tr><th>Messages</th></tr><tr><td><div class="messages"><a href=null target="_blank">Capture Screenshot</a><br/><br><br/><a href=null target="_blank"><img src=null height=200 width=200></a></div></td></tr><tr><th>Exception</th></tr><tr><td><div class="stacktrace">java.lang.AssertionError: expected [true] but found [false]
	at pages.EditProfile.operationAddresBtn(EditProfile.java:227)
	at testcases.EditProfileTest.addressRequestTest(EditProfileTest.java:26)
	at java.base/java.util.ArrayList.forEach(ArrayList.java:1511)
... Removed 31 stack frames</div></td></tr></table><p class="totop"><a href="#summary">back to summary</a></p>
<h3 id="m26">testcases.EditProfileTest#bankRequestTest</h3><table class="result"><tr><th>Messages</th></tr><tr><td><div class="messages"><a href=null target="_blank">Capture Screenshot</a><br/><br><br/><a href=null target="_blank"><img src=null height=200 width=200></a></div></td></tr><tr><th>Exception</th></tr><tr><td><div class="stacktrace">org.openqa.selenium.NoSuchElementException: no such element: Unable to locate element: {&quot;method&quot;:&quot;xpath&quot;,&quot;selector&quot;:&quot;/html/body/app-root/div[1]/div/app-login/div/div[2]/div/div[2]/div/div/form/div[1]/input&quot;}
  (Session info: chrome=103.0.5060.114)
For documentation on this error, please visit: https://selenium.dev/exceptions/#no_such_element
Build info: version: &apos;4.1.0&apos;, revision: &apos;87802e897b&apos;
System info: host: &apos;DESKTOP-JD55J81&apos;, ip: &apos;192.168.1.31&apos;, os.name: &apos;Windows 10&apos;, os.arch: &apos;amd64&apos;, os.version: &apos;10.0&apos;, java.version: &apos;15.0.2&apos;
Driver info: org.openqa.selenium.chrome.ChromeDriver
Command: [ef0fbbd8ef785b9ee9a945de1312156b, findElement {using=xpath, value=/html/body/app-root/div[1]/div/app-login/div/div[2]/div/div[2]/div/div/form/div[1]/input}]
Capabilities {acceptInsecureCerts: false, browserName: chrome, browserVersion: 103.0.5060.114, chrome: {chromedriverVersion: 103.0.5060.53 (a1711811edd7..., userDataDir: C:\Users\ANSHUM~1\AppData\L...}, goog:chromeOptions: {debuggerAddress: localhost:57795}, javascriptEnabled: true, networkConnectionEnabled: false, pageLoadStrategy: normal, platform: WINDOWS, platformName: WINDOWS, proxy: Proxy(), se:cdp: ws://localhost:57795/devtoo..., se:cdpVersion: 103.0.5060.114, setWindowRect: true, strictFileInteractability: false, timeouts: {implicit: 0, pageLoad: 300000, script: 30000}, unhandledPromptBehavior: dismiss and notify, webauthn:extension:credBlob: true, webauthn:extension:largeBlob: true, webauthn:virtualAuthenticators: true}
Session ID: ef0fbbd8ef785b9ee9a945de1312156b
	at org.openqa.selenium.remote.codec.w3c.W3CHttpResponseCodec.createException(W3CHttpResponseCodec.java:200)
	at org.openqa.selenium.remote.codec.w3c.W3CHttpResponseCodec.decode(W3CHttpResponseCodec.java:133)
	at org.openqa.selenium.remote.codec.w3c.W3CHttpResponseCodec.decode(W3CHttpResponseCodec.java:53)
	at org.openqa.selenium.remote.HttpCommandExecutor.execute(HttpCommandExecutor.java:184)
	at org.openqa.selenium.remote.service.DriverCommandExecutor.invokeExecute(DriverCommandExecutor.java:164)
	at org.openqa.selenium.remote.service.DriverCommandExecutor.execute(DriverCommandExecutor.java:139)
	at org.openqa.selenium.remote.RemoteWebDriver.execute(RemoteWebDriver.java:559)
	at org.openqa.selenium.remote.ElementLocation$ElementFinder$2.findElement(ElementLocation.java:162)
	at org.openqa.selenium.remote.ElementLocation.findElement(ElementLocation.java:60)
	at org.openqa.selenium.remote.RemoteWebDriver.findElement(RemoteWebDriver.java:383)
	at org.openqa.selenium.remote.RemoteWebDriver.findElement(RemoteWebDriver.java:375)
	at pages.LoginRegister.OperationLogin(LoginRegister.java:22)
	at testcases.EditProfileTest.bankRequestTest(EditProfileTest.java:40)
	at java.base/java.util.ArrayList.forEach(ArrayList.java:1511)
... Removed 32 stack frames</div></td></tr></table><p class="totop"><a href="#summary">back to summary</a></p>
<h2>CAS Upload  Test</h2><h3 id="m27">testcases.CASuploadTest#casUploadTest</h3><table class="result"><tr><th class="invisible"/></tr></table><p class="totop"><a href="#summary">back to summary</a></p>
</body>
</html>
