<!DOCTYPE html>

<html>
  <head>
  <meta charset='utf-8'>
  <title>TestNG reports</title>

    <link type="text/css" href="testng-reports1.css" rel="stylesheet" id="ultra" />
    <link type="text/css" href="testng-reports.css" rel="stylesheet" id="retro" disabled="false"/>
    <script type="text/javascript" src="jquery.min.js"></script>
    <script type="text/javascript" src="testng-reports.js"></script>
    <script type="text/javascript" src="https://www.google.com/jsapi"></script>
    <script type='text/javascript'>
      google.load('visualization', '1', {packages:['table']});
      google.setOnLoadCallback(drawTable);
      var suiteTableInitFunctions = new Array();
      var suiteTableData = new Array();
    </script>
    <!--
      <script type="text/javascript" src="jquery-ui/js/jquery-ui-1.8.16.custom.min.js"></script>
     -->
  </head>

  <body>
    <div class="top-banner-root">
      <span class="top-banner-title-font">Test results</span>
      <button id="button" class="button">Switch Retro Theme</button> <!-- button -->
      <br/>
      <span class="top-banner-font-1">1 suite, 10 failed tests</span>
    </div> <!-- top-banner-root -->
    <div class="navigator-root">
      <div class="navigator-suite-header">
        <span>All suites</span>
        <a href="#" title="Collapse/expand all the suites" class="collapse-all-link">
          <img src="collapseall.gif" class="collapse-all-icon">
          </img> <!-- collapse-all-icon -->
        </a> <!-- collapse-all-link -->
      </div> <!-- navigator-suite-header -->
      <div class="suite">
        <div class="rounded-window">
          <div class="suite-header light-rounded-window-top">
            <a href="#" panel-name="suite-TestNG_Suite" class="navigator-link">
              <span class="suite-name border-failed">TestNG Suite</span>
            </a> <!-- navigator-link -->
          </div> <!-- suite-header light-rounded-window-top -->
          <div class="navigator-suite-content">
            <div class="suite-section-title">
              <span>Info</span>
            </div> <!-- suite-section-title -->
            <div class="suite-section-content">
              <ul>
                <li>
                  <a href="#" panel-name="test-xml-TestNG_Suite" class="navigator-link ">
                    <span>C:\Users\ANSHUMAN SINGH\git\Azure-Selenium-Demo\AppFincart\src\test\resources\runner\testng.xml</span>
                  </a> <!-- navigator-link  -->
                </li>
                <li>
                  <a href="#" panel-name="testlist-TestNG_Suite" class="navigator-link ">
                    <span class="test-stats">8 tests</span>
                  </a> <!-- navigator-link  -->
                </li>
                <li>
                  <a href="#" panel-name="group-TestNG_Suite" class="navigator-link ">
                    <span>1 group</span>
                  </a> <!-- navigator-link  -->
                </li>
                <li>
                  <a href="#" panel-name="times-TestNG_Suite" class="navigator-link ">
                    <span>Times</span>
                  </a> <!-- navigator-link  -->
                </li>
                <li>
                  <a href="#" panel-name="reporter-TestNG_Suite" class="navigator-link ">
                    <span>Reporter output</span>
                  </a> <!-- navigator-link  -->
                </li>
                <li>
                  <a href="#" panel-name="ignored-methods-TestNG_Suite" class="navigator-link ">
                    <span>Ignored methods</span>
                  </a> <!-- navigator-link  -->
                </li>
                <li>
                  <a href="#" panel-name="chronological-TestNG_Suite" class="navigator-link ">
                    <span>Chronological view</span>
                  </a> <!-- navigator-link  -->
                </li>
              </ul>
            </div> <!-- suite-section-content -->
            <div class="result-section">
              <div class="suite-section-title">
                <span>Results</span>
              </div> <!-- suite-section-title -->
              <div class="suite-section-content">
                <ul>
                  <li>
                    <span class="method-stats">25 methods, 10 failed,   15 passed</span>
                  </li>
                  <li>
                    <span class="method-list-title failed">Failed methods</span>
                    <span class="show-or-hide-methods failed">
                      <a href="#" panel-name="suite-TestNG_Suite" class="hide-methods failed suite-TestNG_Suite"> (hide)</a> <!-- hide-methods failed suite-TestNG_Suite -->
                      <a href="#" panel-name="suite-TestNG_Suite" class="show-methods failed suite-TestNG_Suite"> (show)</a> <!-- show-methods failed suite-TestNG_Suite -->
                    </span>
                    <div class="method-list-content failed suite-TestNG_Suite">
                      <span>
                        <img src="failed.png" width="3%"/>
                        <a href="#" panel-name="suite-TestNG_Suite" title="testcases.AdditonalPurchaseTest" class="method navigator-link" hash-for-method="additinalPurchaseTest">additinalPurchaseTest</a> <!-- method navigator-link -->
                      </span>
                      <br/>
                      <span>
                        <img src="failed.png" width="3%"/>
                        <a href="#" panel-name="suite-TestNG_Suite" title="testcases.EditProfileTest" class="method navigator-link" hash-for-method="addressRequestTest">addressRequestTest</a> <!-- method navigator-link -->
                      </span>
                      <br/>
                      <span>
                        <img src="failed.png" width="3%"/>
                        <a href="#" panel-name="suite-TestNG_Suite" title="testcases.EditProfileTest" class="method navigator-link" hash-for-method="bankRequestTest">bankRequestTest</a> <!-- method navigator-link -->
                      </span>
                      <br/>
                      <span>
                        <img src="failed.png" width="3%"/>
                        <a href="#" panel-name="suite-TestNG_Suite" title="testcases.AdditonalPurchaseTest" class="method navigator-link" hash-for-method="gaolButton">gaolButton</a> <!-- method navigator-link -->
                      </span>
                      <br/>
                      <span>
                        <img src="failed.png" width="3%"/>
                        <a href="#" panel-name="suite-TestNG_Suite" title="testcases.DashboardTest" class="method navigator-link" hash-for-method="goalWiseInvestmentTest">goalWiseInvestmentTest</a> <!-- method navigator-link -->
                      </span>
                      <br/>
                      <span>
                        <img src="failed.png" width="3%"/>
                        <a href="#" panel-name="suite-TestNG_Suite" title="testcases.ClientInvestementTabTest" class="method navigator-link" hash-for-method="investmentTab">investmentTab</a> <!-- method navigator-link -->
                      </span>
                      <br/>
                      <span>
                        <img src="failed.png" width="3%"/>
                        <a href="#" panel-name="suite-TestNG_Suite" title="testcases.PaymentGetwayTest" class="method navigator-link" hash-for-method="paymentGetwayTest">paymentGetwayTest</a> <!-- method navigator-link -->
                      </span>
                      <br/>
                      <span>
                        <img src="failed.png" width="3%"/>
                        <a href="#" panel-name="suite-TestNG_Suite" title="testcases.NewUserWithKYC" class="method navigator-link" hash-for-method="sipAddtocartTest">sipAddtocartTest</a> <!-- method navigator-link -->
                      </span>
                      <br/>
                      <span>
                        <img src="failed.png" width="3%"/>
                        <a href="#" panel-name="suite-TestNG_Suite" title="testcases.NewUserWithKYC" class="method navigator-link" hash-for-method="taxPlanningaddtoCart">taxPlanningaddtoCart</a> <!-- method navigator-link -->
                      </span>
                      <br/>
                      <span>
                        <img src="failed.png" width="3%"/>
                        <a href="#" panel-name="suite-TestNG_Suite" title="testcases.DashboardTest" class="method navigator-link" hash-for-method="ulipTest">ulipTest</a> <!-- method navigator-link -->
                      </span>
                      <br/>
                    </div> <!-- method-list-content failed suite-TestNG_Suite -->
                  </li>
                  <li>
                    <span class="method-list-title passed">Passed methods</span>
                    <span class="show-or-hide-methods passed">
                      <a href="#" panel-name="suite-TestNG_Suite" class="hide-methods passed suite-TestNG_Suite"> (hide)</a> <!-- hide-methods passed suite-TestNG_Suite -->
                      <a href="#" panel-name="suite-TestNG_Suite" class="show-methods passed suite-TestNG_Suite"> (show)</a> <!-- show-methods passed suite-TestNG_Suite -->
                    </span>
                    <div class="method-list-content passed suite-TestNG_Suite">
                      <span>
                        <img src="passed.png" width="3%"/>
                        <a href="#" panel-name="suite-TestNG_Suite" title="testcases.DashboardTest" class="method navigator-link" hash-for-method="allMemAndActiveMFTest">allMemAndActiveMFTest</a> <!-- method navigator-link -->
                      </span>
                      <br/>
                      <span>
                        <img src="passed.png" width="3%"/>
                        <a href="#" panel-name="suite-TestNG_Suite" title="testcases.DashboardTest" class="method navigator-link" hash-for-method="allMemAndAllMFTest">allMemAndAllMFTest</a> <!-- method navigator-link -->
                      </span>
                      <br/>
                      <span>
                        <img src="passed.png" width="3%"/>
                        <a href="#" panel-name="suite-TestNG_Suite" title="testcases.KYCtest" class="method navigator-link" hash-for-method="allreadyKyc(TEEPT2091J)">allreadyKyc(TEEPT2091J)</a> <!-- method navigator-link -->
                      </span>
                      <br/>
                      <span>
                        <img src="passed.png" width="3%"/>
                        <a href="#" panel-name="suite-TestNG_Suite" title="testcases.CASuploadTest" class="method navigator-link" hash-for-method="casUploadTest">casUploadTest</a> <!-- method navigator-link -->
                      </span>
                      <br/>
                      <span>
                        <img src="passed.png" width="3%"/>
                        <a href="#" panel-name="suite-TestNG_Suite" title="testcases.NewUserWithKYC" class="method navigator-link" hash-for-method="goalAddtocartTest">goalAddtocartTest</a> <!-- method navigator-link -->
                      </span>
                      <br/>
                      <span>
                        <img src="passed.png" width="3%"/>
                        <a href="#" panel-name="suite-TestNG_Suite" title="testcases.DashboardTest" class="method navigator-link" hash-for-method="liquiloanTest">liquiloanTest</a> <!-- method navigator-link -->
                      </span>
                      <br/>
                      <span>
                        <img src="passed.png" width="3%"/>
                        <a href="#" panel-name="suite-TestNG_Suite" title="testcases.DashboardTest" class="method navigator-link" hash-for-method="memberOtherInsuranceTest">memberOtherInsuranceTest</a> <!-- method navigator-link -->
                      </span>
                      <br/>
                      <span>
                        <img src="passed.png" width="3%"/>
                        <a href="#" panel-name="suite-TestNG_Suite" title="testcases.DashboardTest" class="method navigator-link" hash-for-method="memberProtectionTest">memberProtectionTest</a> <!-- method navigator-link -->
                      </span>
                      <br/>
                      <span>
                        <img src="passed.png" width="3%"/>
                        <a href="#" panel-name="suite-TestNG_Suite" title="testcases.DashboardTest" class="method navigator-link" hash-for-method="memberUlipTest">memberUlipTest</a> <!-- method navigator-link -->
                      </span>
                      <br/>
                      <span>
                        <img src="passed.png" width="3%"/>
                        <a href="#" panel-name="suite-TestNG_Suite" title="testcases.DashboardTest" class="method navigator-link" hash-for-method="memberwiseMFTest">memberwiseMFTest</a> <!-- method navigator-link -->
                      </span>
                      <br/>
                      <span>
                        <img src="passed.png" width="3%"/>
                        <a href="#" panel-name="suite-TestNG_Suite" title="testcases.DashboardTest" class="method navigator-link" hash-for-method="mfInvestmentDetails">mfInvestmentDetails</a> <!-- method navigator-link -->
                      </span>
                      <br/>
                      <span>
                        <img src="passed.png" width="3%"/>
                        <a href="#" panel-name="suite-TestNG_Suite" title="testcases.DashboardTest" class="method navigator-link" hash-for-method="otherInsuranceTest">otherInsuranceTest</a> <!-- method navigator-link -->
                      </span>
                      <br/>
                      <span>
                        <img src="passed.png" width="3%"/>
                        <a href="#" panel-name="suite-TestNG_Suite" title="testcases.DashboardTest" class="method navigator-link" hash-for-method="pmsTest">pmsTest</a> <!-- method navigator-link -->
                      </span>
                      <br/>
                      <span>
                        <img src="passed.png" width="3%"/>
                        <a href="#" panel-name="suite-TestNG_Suite" title="testcases.DashboardTest" class="method navigator-link" hash-for-method="protectionTest">protectionTest</a> <!-- method navigator-link -->
                      </span>
                      <br/>
                      <span>
                        <img src="passed.png" width="3%"/>
                        <a href="#" panel-name="suite-TestNG_Suite" title="testcases.KYCtest" class="method navigator-link" hash-for-method="websiteRegistarion(testweb30july22@gmail.com, Anhsuman Singh, 8368264851, 12345678)">websiteRegistarion(testweb30july22@gmail.com, Anhsuman Singh, 8368264851, 12345678)</a> <!-- method navigator-link -->
                      </span>
                      <br/>
                    </div> <!-- method-list-content passed suite-TestNG_Suite -->
                  </li>
                </ul>
              </div> <!-- suite-section-content -->
            </div> <!-- result-section -->
          </div> <!-- navigator-suite-content -->
        </div> <!-- rounded-window -->
      </div> <!-- suite -->
    </div> <!-- navigator-root -->
    <div class="wrapper">
      <div class="main-panel-root">
        <div panel-name="suite-TestNG_Suite" class="panel TestNG_Suite">
          <div class="suite-TestNG_Suite-class-failed">
            <div class="main-panel-header rounded-window-top">
              <img src="failed.png"/>
              <span class="class-name">testcases.NewUserWithKYC</span>
            </div> <!-- main-panel-header rounded-window-top -->
            <div class="main-panel-content rounded-window-bottom">
              <div class="method">
                <div class="method-content">
                  <a name="sipAddtocartTest">
                  </a> <!-- sipAddtocartTest -->
                  <span class="method-name">sipAddtocartTest</span>
                  <div class="stack-trace">org.openqa.selenium.ElementClickInterceptedException: element click intercepted: Element &lt;h4 class=&quot;card-title&quot; style=&quot;text-decoration:none; color:#fff&quot;&gt;...&lt;/h4&gt; is not clickable at point (750, 388). Other element would receive the click: &lt;span style=&quot;font-size:1.1em; margin-top:-10px;&quot;&gt;...&lt;/span&gt;
  (Session info: chrome=103.0.5060.114)
Build info: version: &apos;4.1.0&apos;, revision: &apos;87802e897b&apos;
System info: host: &apos;DESKTOP-JD55J81&apos;, ip: &apos;172.24.128.1&apos;, os.name: &apos;Windows 10&apos;, os.arch: &apos;amd64&apos;, os.version: &apos;10.0&apos;, java.version: &apos;15.0.2&apos;
Driver info: org.openqa.selenium.chrome.ChromeDriver
Command: [0c6d8305c765c851442d4d1efed74094, clickElement {id=729b06c0-e2d0-497c-bc23-439261983bee}]
Capabilities {acceptInsecureCerts: false, browserName: chrome, browserVersion: 103.0.5060.114, chrome: {chromedriverVersion: 103.0.5060.134 (8ec6fce403b..., userDataDir: C:\Users\ANSHUM~1\AppData\L...}, goog:chromeOptions: {debuggerAddress: localhost:57264}, javascriptEnabled: true, networkConnectionEnabled: false, pageLoadStrategy: normal, platform: WINDOWS, platformName: WINDOWS, proxy: Proxy(), se:cdp: ws://localhost:57264/devtoo..., se:cdpVersion: 103.0.5060.114, setWindowRect: true, strictFileInteractability: false, timeouts: {implicit: 0, pageLoad: 300000, script: 30000}, unhandledPromptBehavior: dismiss and notify, webauthn:extension:credBlob: true, webauthn:extension:largeBlob: true, webauthn:virtualAuthenticators: true}
Element: [[ChromeDriver: chrome on WINDOWS (0c6d8305c765c851442d4d1efed74094)] -&gt; xpath: /html[1]/body[1]/div[1]/div[1]/div[2]/div[1]/div[1]/div[1]/div[1]/div[1]/div[1]/div[5]/div[2]/a[1]/h4[1]]
Session ID: 0c6d8305c765c851442d4d1efed74094
	at org.openqa.selenium.remote.codec.w3c.W3CHttpResponseCodec.createException(W3CHttpResponseCodec.java:200)
	at org.openqa.selenium.remote.codec.w3c.W3CHttpResponseCodec.decode(W3CHttpResponseCodec.java:133)
	at org.openqa.selenium.remote.codec.w3c.W3CHttpResponseCodec.decode(W3CHttpResponseCodec.java:53)
	at org.openqa.selenium.remote.HttpCommandExecutor.execute(HttpCommandExecutor.java:184)
	at org.openqa.selenium.remote.service.DriverCommandExecutor.invokeExecute(DriverCommandExecutor.java:164)
	at org.openqa.selenium.remote.service.DriverCommandExecutor.execute(DriverCommandExecutor.java:139)
	at org.openqa.selenium.remote.RemoteWebDriver.execute(RemoteWebDriver.java:559)
	at org.openqa.selenium.remote.RemoteWebElement.execute(RemoteWebElement.java:251)
	at org.openqa.selenium.remote.RemoteWebElement.click(RemoteWebElement.java:77)
	at pages.SIPaddCart.sipInvestBtn(SIPaddCart.java:13)
	at testcases.NewUserWithKYC.sipAddtocartTest(NewUserWithKYC.java:70)
	at java.base/java.util.ArrayList.forEach(ArrayList.java:1511)
... Removed 32 stack frames
</div> <!-- stack-trace -->
                </div> <!-- method-content -->
              </div> <!-- method -->
              <div class="method">
                <div class="method-content">
                  <a name="taxPlanningaddtoCart">
                  </a> <!-- taxPlanningaddtoCart -->
                  <span class="method-name">taxPlanningaddtoCart</span>
                  <div class="stack-trace">org.openqa.selenium.StaleElementReferenceException: stale element reference: element is not attached to the page document
  (Session info: chrome=103.0.5060.114)
For documentation on this error, please visit: https://selenium.dev/exceptions/#stale_element_reference
Build info: version: &apos;4.1.0&apos;, revision: &apos;87802e897b&apos;
System info: host: &apos;DESKTOP-JD55J81&apos;, ip: &apos;172.24.128.1&apos;, os.name: &apos;Windows 10&apos;, os.arch: &apos;amd64&apos;, os.version: &apos;10.0&apos;, java.version: &apos;15.0.2&apos;
Driver info: org.openqa.selenium.chrome.ChromeDriver
Command: [0c6d8305c765c851442d4d1efed74094, clickElement {id=f0382752-3ef8-43ba-ad22-5094d2eb1871}]
Capabilities {acceptInsecureCerts: false, browserName: chrome, browserVersion: 103.0.5060.114, chrome: {chromedriverVersion: 103.0.5060.134 (8ec6fce403b..., userDataDir: C:\Users\ANSHUM~1\AppData\L...}, goog:chromeOptions: {debuggerAddress: localhost:57264}, javascriptEnabled: true, networkConnectionEnabled: false, pageLoadStrategy: normal, platform: WINDOWS, platformName: WINDOWS, proxy: Proxy(), se:cdp: ws://localhost:57264/devtoo..., se:cdpVersion: 103.0.5060.114, setWindowRect: true, strictFileInteractability: false, timeouts: {implicit: 0, pageLoad: 300000, script: 30000}, unhandledPromptBehavior: dismiss and notify, webauthn:extension:credBlob: true, webauthn:extension:largeBlob: true, webauthn:virtualAuthenticators: true}
Element: [[ChromeDriver: chrome on WINDOWS (0c6d8305c765c851442d4d1efed74094)] -&gt; xpath: //button[contains(@class,&apos;swal-button swal-button--confirm&apos;)]]
Session ID: 0c6d8305c765c851442d4d1efed74094
	at org.openqa.selenium.remote.codec.w3c.W3CHttpResponseCodec.createException(W3CHttpResponseCodec.java:200)
	at org.openqa.selenium.remote.codec.w3c.W3CHttpResponseCodec.decode(W3CHttpResponseCodec.java:133)
	at org.openqa.selenium.remote.codec.w3c.W3CHttpResponseCodec.decode(W3CHttpResponseCodec.java:53)
	at org.openqa.selenium.remote.HttpCommandExecutor.execute(HttpCommandExecutor.java:184)
	at org.openqa.selenium.remote.service.DriverCommandExecutor.invokeExecute(DriverCommandExecutor.java:164)
	at org.openqa.selenium.remote.service.DriverCommandExecutor.execute(DriverCommandExecutor.java:139)
	at org.openqa.selenium.remote.RemoteWebDriver.execute(RemoteWebDriver.java:559)
	at org.openqa.selenium.remote.RemoteWebElement.execute(RemoteWebElement.java:251)
	at org.openqa.selenium.remote.RemoteWebElement.click(RemoteWebElement.java:77)
	at pages.TaxPlanning.removeTaxPlanning(TaxPlanning.java:54)
	at testcases.NewUserWithKYC.taxPlanningaddtoCart(NewUserWithKYC.java:96)
	at java.base/java.util.ArrayList.forEach(ArrayList.java:1511)
... Removed 32 stack frames
</div> <!-- stack-trace -->
                </div> <!-- method-content -->
              </div> <!-- method -->
            </div> <!-- main-panel-content rounded-window-bottom -->
          </div> <!-- suite-TestNG_Suite-class-failed -->
          <div class="suite-TestNG_Suite-class-failed">
            <div class="main-panel-header rounded-window-top">
              <img src="failed.png"/>
              <span class="class-name">testcases.DashboardTest</span>
            </div> <!-- main-panel-header rounded-window-top -->
            <div class="main-panel-content rounded-window-bottom">
              <div class="method">
                <div class="method-content">
                  <a name="goalWiseInvestmentTest">
                  </a> <!-- goalWiseInvestmentTest -->
                  <span class="method-name">goalWiseInvestmentTest</span>
                  <div class="stack-trace">org.openqa.selenium.ElementClickInterceptedException: element click intercepted: Element &lt;span class=&quot;ng-binding ng-scope&quot;&gt;...&lt;/span&gt; is not clickable at point (824, 395). Other element would receive the click: &lt;div class=&quot;md-dialog-container ng-scope&quot; tabindex=&quot;-1&quot; style=&quot;top: 54.6296px; height: 683px;&quot;&gt;...&lt;/div&gt;
  (Session info: chrome=103.0.5060.114)
Build info: version: &apos;4.1.0&apos;, revision: &apos;87802e897b&apos;
System info: host: &apos;DESKTOP-JD55J81&apos;, ip: &apos;172.24.128.1&apos;, os.name: &apos;Windows 10&apos;, os.arch: &apos;amd64&apos;, os.version: &apos;10.0&apos;, java.version: &apos;15.0.2&apos;
Driver info: org.openqa.selenium.chrome.ChromeDriver
Command: [0c6d8305c765c851442d4d1efed74094, clickElement {id=64d1560a-4374-46bd-894d-c3fa872c494c}]
Capabilities {acceptInsecureCerts: false, browserName: chrome, browserVersion: 103.0.5060.114, chrome: {chromedriverVersion: 103.0.5060.134 (8ec6fce403b..., userDataDir: C:\Users\ANSHUM~1\AppData\L...}, goog:chromeOptions: {debuggerAddress: localhost:57264}, javascriptEnabled: true, networkConnectionEnabled: false, pageLoadStrategy: normal, platform: WINDOWS, platformName: WINDOWS, proxy: Proxy(), se:cdp: ws://localhost:57264/devtoo..., se:cdpVersion: 103.0.5060.114, setWindowRect: true, strictFileInteractability: false, timeouts: {implicit: 0, pageLoad: 300000, script: 30000}, unhandledPromptBehavior: dismiss and notify, webauthn:extension:credBlob: true, webauthn:extension:largeBlob: true, webauthn:virtualAuthenticators: true}
Element: [[ChromeDriver: chrome on WINDOWS (0c6d8305c765c851442d4d1efed74094)] -&gt; xpath: /html[1]/body[1]/div[1]/div[1]/div[2]/div[1]/div[1]/div[1]/div[1]/div[3]/md-tabs[1]/md-tabs-wrapper[1]/md-tabs-canvas[1]/md-pagination-wrapper[1]/md-tab-item[5]/span[1]]
Session ID: 0c6d8305c765c851442d4d1efed74094
	at org.openqa.selenium.remote.codec.w3c.W3CHttpResponseCodec.createException(W3CHttpResponseCodec.java:200)
	at org.openqa.selenium.remote.codec.w3c.W3CHttpResponseCodec.decode(W3CHttpResponseCodec.java:133)
	at org.openqa.selenium.remote.codec.w3c.W3CHttpResponseCodec.decode(W3CHttpResponseCodec.java:53)
	at org.openqa.selenium.remote.HttpCommandExecutor.execute(HttpCommandExecutor.java:184)
	at org.openqa.selenium.remote.service.DriverCommandExecutor.invokeExecute(DriverCommandExecutor.java:164)
	at org.openqa.selenium.remote.service.DriverCommandExecutor.execute(DriverCommandExecutor.java:139)
	at org.openqa.selenium.remote.RemoteWebDriver.execute(RemoteWebDriver.java:559)
	at org.openqa.selenium.remote.RemoteWebElement.execute(RemoteWebElement.java:251)
	at org.openqa.selenium.remote.RemoteWebElement.click(RemoteWebElement.java:77)
	at pages.DashBoard.goalwisePMS(DashBoard.java:566)
	at testcases.DashboardTest.goalWiseInvestmentTest(DashboardTest.java:172)
	at java.base/java.util.ArrayList.forEach(ArrayList.java:1511)
... Removed 32 stack frames
</div> <!-- stack-trace -->
                </div> <!-- method-content -->
              </div> <!-- method -->
              <div class="method">
                <div class="method-content">
                  <a name="ulipTest">
                  </a> <!-- ulipTest -->
                  <span class="method-name">ulipTest</span>
                  <div class="stack-trace">org.openqa.selenium.ElementClickInterceptedException: element click intercepted: Element &lt;i class=&quot;material-icons&quot;&gt;...&lt;/i&gt; is not clickable at point (1406, 645). Other element would receive the click: &lt;button class=&quot;md-button&quot; ng-click=&quot;menuAction($event,item,ctrl.investment,ctrl.parentInvestment,ctrl.basicid)&quot; style=&quot;margin:0;&quot;&gt;...&lt;/button&gt;
  (Session info: chrome=103.0.5060.114)
Build info: version: &apos;4.1.0&apos;, revision: &apos;87802e897b&apos;
System info: host: &apos;DESKTOP-JD55J81&apos;, ip: &apos;172.24.128.1&apos;, os.name: &apos;Windows 10&apos;, os.arch: &apos;amd64&apos;, os.version: &apos;10.0&apos;, java.version: &apos;15.0.2&apos;
Driver info: org.openqa.selenium.chrome.ChromeDriver
Command: [0c6d8305c765c851442d4d1efed74094, clickElement {id=187d5286-a61c-42b1-9d34-d6302441e57e}]
Capabilities {acceptInsecureCerts: false, browserName: chrome, browserVersion: 103.0.5060.114, chrome: {chromedriverVersion: 103.0.5060.134 (8ec6fce403b..., userDataDir: C:\Users\ANSHUM~1\AppData\L...}, goog:chromeOptions: {debuggerAddress: localhost:57264}, javascriptEnabled: true, networkConnectionEnabled: false, pageLoadStrategy: normal, platform: WINDOWS, platformName: WINDOWS, proxy: Proxy(), se:cdp: ws://localhost:57264/devtoo..., se:cdpVersion: 103.0.5060.114, setWindowRect: true, strictFileInteractability: false, timeouts: {implicit: 0, pageLoad: 300000, script: 30000}, unhandledPromptBehavior: dismiss and notify, webauthn:extension:credBlob: true, webauthn:extension:largeBlob: true, webauthn:virtualAuthenticators: true}
Element: [[ChromeDriver: chrome on WINDOWS (0c6d8305c765c851442d4d1efed74094)] -&gt; xpath: /html[1]/body[1]/div[1]/div[1]/div[2]/div[1]/div[1]/div[1]/div[4]/div[1]/md-tabs[1]/md-tabs-content-wrapper[1]/md-tab-content[2]/div[1]/md-content[1]/table[1]/tbody[1]/tr[3]/td[1]/table[1]/tbody[1]/tr[1]/td[10]/a[1]/i[1]]
Session ID: 0c6d8305c765c851442d4d1efed74094
	at org.openqa.selenium.remote.codec.w3c.W3CHttpResponseCodec.createException(W3CHttpResponseCodec.java:200)
	at org.openqa.selenium.remote.codec.w3c.W3CHttpResponseCodec.decode(W3CHttpResponseCodec.java:133)
	at org.openqa.selenium.remote.codec.w3c.W3CHttpResponseCodec.decode(W3CHttpResponseCodec.java:53)
	at org.openqa.selenium.remote.HttpCommandExecutor.execute(HttpCommandExecutor.java:184)
	at org.openqa.selenium.remote.service.DriverCommandExecutor.invokeExecute(DriverCommandExecutor.java:164)
	at org.openqa.selenium.remote.service.DriverCommandExecutor.execute(DriverCommandExecutor.java:139)
	at org.openqa.selenium.remote.RemoteWebDriver.execute(RemoteWebDriver.java:559)
	at org.openqa.selenium.remote.RemoteWebElement.execute(RemoteWebElement.java:251)
	at org.openqa.selenium.remote.RemoteWebElement.click(RemoteWebElement.java:77)
	at pages.DashBoard.ulip(DashBoard.java:390)
	at testcases.DashboardTest.ulipTest(DashboardTest.java:70)
	at java.base/java.util.ArrayList.forEach(ArrayList.java:1511)
... Removed 32 stack frames
</div> <!-- stack-trace -->
                </div> <!-- method-content -->
              </div> <!-- method -->
            </div> <!-- main-panel-content rounded-window-bottom -->
          </div> <!-- suite-TestNG_Suite-class-failed -->
          <div class="suite-TestNG_Suite-class-failed">
            <div class="main-panel-header rounded-window-top">
              <img src="failed.png"/>
              <span class="class-name">testcases.ClientInvestementTabTest</span>
            </div> <!-- main-panel-header rounded-window-top -->
            <div class="main-panel-content rounded-window-bottom">
              <div class="method">
                <div class="method-content">
                  <a name="investmentTab">
                  </a> <!-- investmentTab -->
                  <span class="method-name">investmentTab</span>
                  <div class="stack-trace">org.openqa.selenium.ElementClickInterceptedException: element click intercepted: Element &lt;a class=&quot;nav-link&quot; href=&quot;dashboard/allinvestments&quot;&gt;...&lt;/a&gt; is not clickable at point (121, 129). Other element would receive the click: &lt;div class=&quot;md-dialog-container ng-scope&quot; tabindex=&quot;-1&quot; style=&quot;top: 0px; height: 683px;&quot;&gt;...&lt;/div&gt;
  (Session info: chrome=103.0.5060.114)
Build info: version: &apos;4.1.0&apos;, revision: &apos;87802e897b&apos;
System info: host: &apos;DESKTOP-JD55J81&apos;, ip: &apos;172.24.128.1&apos;, os.name: &apos;Windows 10&apos;, os.arch: &apos;amd64&apos;, os.version: &apos;10.0&apos;, java.version: &apos;15.0.2&apos;
Driver info: org.openqa.selenium.chrome.ChromeDriver
Command: [0c6d8305c765c851442d4d1efed74094, clickElement {id=6d45f690-2332-4d10-b847-06b88e88b351}]
Capabilities {acceptInsecureCerts: false, browserName: chrome, browserVersion: 103.0.5060.114, chrome: {chromedriverVersion: 103.0.5060.134 (8ec6fce403b..., userDataDir: C:\Users\ANSHUM~1\AppData\L...}, goog:chromeOptions: {debuggerAddress: localhost:57264}, javascriptEnabled: true, networkConnectionEnabled: false, pageLoadStrategy: normal, platform: WINDOWS, platformName: WINDOWS, proxy: Proxy(), se:cdp: ws://localhost:57264/devtoo..., se:cdpVersion: 103.0.5060.114, setWindowRect: true, strictFileInteractability: false, timeouts: {implicit: 0, pageLoad: 300000, script: 30000}, unhandledPromptBehavior: dismiss and notify, webauthn:extension:credBlob: true, webauthn:extension:largeBlob: true, webauthn:virtualAuthenticators: true}
Element: [[ChromeDriver: chrome on WINDOWS (0c6d8305c765c851442d4d1efed74094)] -&gt; link text: Investments]
Session ID: 0c6d8305c765c851442d4d1efed74094
	at org.openqa.selenium.remote.codec.w3c.W3CHttpResponseCodec.createException(W3CHttpResponseCodec.java:200)
	at org.openqa.selenium.remote.codec.w3c.W3CHttpResponseCodec.decode(W3CHttpResponseCodec.java:133)
	at org.openqa.selenium.remote.codec.w3c.W3CHttpResponseCodec.decode(W3CHttpResponseCodec.java:53)
	at org.openqa.selenium.remote.HttpCommandExecutor.execute(HttpCommandExecutor.java:184)
	at org.openqa.selenium.remote.service.DriverCommandExecutor.invokeExecute(DriverCommandExecutor.java:164)
	at org.openqa.selenium.remote.service.DriverCommandExecutor.execute(DriverCommandExecutor.java:139)
	at org.openqa.selenium.remote.RemoteWebDriver.execute(RemoteWebDriver.java:559)
	at org.openqa.selenium.remote.RemoteWebElement.execute(RemoteWebElement.java:251)
	at org.openqa.selenium.remote.RemoteWebElement.click(RemoteWebElement.java:77)
	at pages.ClientInvesmetTab.totalinvestment(ClientInvesmetTab.java:19)
	at testcases.ClientInvestementTabTest.investmentTab(ClientInvestementTabTest.java:24)
	at java.base/java.util.ArrayList.forEach(ArrayList.java:1511)
... Removed 32 stack frames
</div> <!-- stack-trace -->
                </div> <!-- method-content -->
              </div> <!-- method -->
            </div> <!-- main-panel-content rounded-window-bottom -->
          </div> <!-- suite-TestNG_Suite-class-failed -->
          <div class="suite-TestNG_Suite-class-failed">
            <div class="main-panel-header rounded-window-top">
              <img src="failed.png"/>
              <span class="class-name">testcases.EditProfileTest</span>
            </div> <!-- main-panel-header rounded-window-top -->
            <div class="main-panel-content rounded-window-bottom">
              <div class="method">
                <div class="method-content">
                  <a name="addressRequestTest">
                  </a> <!-- addressRequestTest -->
                  <span class="method-name">addressRequestTest</span>
                  <div class="stack-trace">org.openqa.selenium.NoSuchElementException: no such element: Unable to locate element: {&quot;method&quot;:&quot;css selector&quot;,&quot;selector&quot;:&quot;#SearchByEmail&quot;}
  (Session info: chrome=103.0.5060.114)
For documentation on this error, please visit: https://selenium.dev/exceptions/#no_such_element
Build info: version: &apos;4.1.0&apos;, revision: &apos;87802e897b&apos;
System info: host: &apos;DESKTOP-JD55J81&apos;, ip: &apos;172.24.128.1&apos;, os.name: &apos;Windows 10&apos;, os.arch: &apos;amd64&apos;, os.version: &apos;10.0&apos;, java.version: &apos;15.0.2&apos;
Driver info: org.openqa.selenium.chrome.ChromeDriver
Command: [0c6d8305c765c851442d4d1efed74094, findElement {using=id, value=SearchByEmail}]
Capabilities {acceptInsecureCerts: false, browserName: chrome, browserVersion: 103.0.5060.114, chrome: {chromedriverVersion: 103.0.5060.134 (8ec6fce403b..., userDataDir: C:\Users\ANSHUM~1\AppData\L...}, goog:chromeOptions: {debuggerAddress: localhost:57264}, javascriptEnabled: true, networkConnectionEnabled: false, pageLoadStrategy: normal, platform: WINDOWS, platformName: WINDOWS, proxy: Proxy(), se:cdp: ws://localhost:57264/devtoo..., se:cdpVersion: 103.0.5060.114, setWindowRect: true, strictFileInteractability: false, timeouts: {implicit: 0, pageLoad: 300000, script: 30000}, unhandledPromptBehavior: dismiss and notify, webauthn:extension:credBlob: true, webauthn:extension:largeBlob: true, webauthn:virtualAuthenticators: true}
Session ID: 0c6d8305c765c851442d4d1efed74094
	at org.openqa.selenium.remote.codec.w3c.W3CHttpResponseCodec.createException(W3CHttpResponseCodec.java:200)
	at org.openqa.selenium.remote.codec.w3c.W3CHttpResponseCodec.decode(W3CHttpResponseCodec.java:133)
	at org.openqa.selenium.remote.codec.w3c.W3CHttpResponseCodec.decode(W3CHttpResponseCodec.java:53)
	at org.openqa.selenium.remote.HttpCommandExecutor.execute(HttpCommandExecutor.java:184)
	at org.openqa.selenium.remote.service.DriverCommandExecutor.invokeExecute(DriverCommandExecutor.java:164)
	at org.openqa.selenium.remote.service.DriverCommandExecutor.execute(DriverCommandExecutor.java:139)
	at org.openqa.selenium.remote.RemoteWebDriver.execute(RemoteWebDriver.java:559)
	at org.openqa.selenium.remote.ElementLocation$ElementFinder$2.findElement(ElementLocation.java:162)
	at org.openqa.selenium.remote.ElementLocation.findElement(ElementLocation.java:60)
	at org.openqa.selenium.remote.RemoteWebDriver.findElement(RemoteWebDriver.java:383)
	at org.openqa.selenium.remote.RemoteWebDriver.findElement(RemoteWebDriver.java:375)
	at pages.EditProfile.operationAddresBtn(EditProfile.java:218)
	at testcases.EditProfileTest.addressRequestTest(EditProfileTest.java:26)
	at java.base/java.util.ArrayList.forEach(ArrayList.java:1511)
... Removed 32 stack frames
</div> <!-- stack-trace -->
                </div> <!-- method-content -->
              </div> <!-- method -->
              <div class="method">
                <div class="method-content">
                  <a name="bankRequestTest">
                  </a> <!-- bankRequestTest -->
                  <span class="method-name">bankRequestTest</span>
                  <div class="stack-trace">org.openqa.selenium.NoSuchElementException: no such element: Unable to locate element: {&quot;method&quot;:&quot;css selector&quot;,&quot;selector&quot;:&quot;#SearchByEmail&quot;}
  (Session info: chrome=103.0.5060.114)
For documentation on this error, please visit: https://selenium.dev/exceptions/#no_such_element
Build info: version: &apos;4.1.0&apos;, revision: &apos;87802e897b&apos;
System info: host: &apos;DESKTOP-JD55J81&apos;, ip: &apos;172.24.128.1&apos;, os.name: &apos;Windows 10&apos;, os.arch: &apos;amd64&apos;, os.version: &apos;10.0&apos;, java.version: &apos;15.0.2&apos;
Driver info: org.openqa.selenium.chrome.ChromeDriver
Command: [0c6d8305c765c851442d4d1efed74094, findElement {using=id, value=SearchByEmail}]
Capabilities {acceptInsecureCerts: false, browserName: chrome, browserVersion: 103.0.5060.114, chrome: {chromedriverVersion: 103.0.5060.134 (8ec6fce403b..., userDataDir: C:\Users\ANSHUM~1\AppData\L...}, goog:chromeOptions: {debuggerAddress: localhost:57264}, javascriptEnabled: true, networkConnectionEnabled: false, pageLoadStrategy: normal, platform: WINDOWS, platformName: WINDOWS, proxy: Proxy(), se:cdp: ws://localhost:57264/devtoo..., se:cdpVersion: 103.0.5060.114, setWindowRect: true, strictFileInteractability: false, timeouts: {implicit: 0, pageLoad: 300000, script: 30000}, unhandledPromptBehavior: dismiss and notify, webauthn:extension:credBlob: true, webauthn:extension:largeBlob: true, webauthn:virtualAuthenticators: true}
Session ID: 0c6d8305c765c851442d4d1efed74094
	at org.openqa.selenium.remote.codec.w3c.W3CHttpResponseCodec.createException(W3CHttpResponseCodec.java:200)
	at org.openqa.selenium.remote.codec.w3c.W3CHttpResponseCodec.decode(W3CHttpResponseCodec.java:133)
	at org.openqa.selenium.remote.codec.w3c.W3CHttpResponseCodec.decode(W3CHttpResponseCodec.java:53)
	at org.openqa.selenium.remote.HttpCommandExecutor.execute(HttpCommandExecutor.java:184)
	at org.openqa.selenium.remote.service.DriverCommandExecutor.invokeExecute(DriverCommandExecutor.java:164)
	at org.openqa.selenium.remote.service.DriverCommandExecutor.execute(DriverCommandExecutor.java:139)
	at org.openqa.selenium.remote.RemoteWebDriver.execute(RemoteWebDriver.java:559)
	at org.openqa.selenium.remote.ElementLocation$ElementFinder$2.findElement(ElementLocation.java:162)
	at org.openqa.selenium.remote.ElementLocation.findElement(ElementLocation.java:60)
	at org.openqa.selenium.remote.RemoteWebDriver.findElement(RemoteWebDriver.java:383)
	at org.openqa.selenium.remote.RemoteWebDriver.findElement(RemoteWebDriver.java:375)
	at pages.EditProfile.operationBankRequest(EditProfile.java:307)
	at testcases.EditProfileTest.bankRequestTest(EditProfileTest.java:42)
	at java.base/java.util.ArrayList.forEach(ArrayList.java:1511)
... Removed 32 stack frames
</div> <!-- stack-trace -->
                </div> <!-- method-content -->
              </div> <!-- method -->
            </div> <!-- main-panel-content rounded-window-bottom -->
          </div> <!-- suite-TestNG_Suite-class-failed -->
          <div class="suite-TestNG_Suite-class-failed">
            <div class="main-panel-header rounded-window-top">
              <img src="failed.png"/>
              <span class="class-name">testcases.AdditonalPurchaseTest</span>
            </div> <!-- main-panel-header rounded-window-top -->
            <div class="main-panel-content rounded-window-bottom">
              <div class="method">
                <div class="method-content">
                  <a name="additinalPurchaseTest">
                  </a> <!-- additinalPurchaseTest -->
                  <span class="method-name">additinalPurchaseTest</span>
                  <div class="stack-trace">org.openqa.selenium.NoSuchElementException: no such element: Unable to locate element: {&quot;method&quot;:&quot;xpath&quot;,&quot;selector&quot;:&quot;/html[1]/body[1]/div[1]/div[1]/div[2]/div[1]/div[1]/div[1]/div[1]/div[1]/div[1]/div[4]/div[1]/a[1]/h4[1]&quot;}
  (Session info: chrome=103.0.5060.114)
For documentation on this error, please visit: https://selenium.dev/exceptions/#no_such_element
Build info: version: &apos;4.1.0&apos;, revision: &apos;87802e897b&apos;
System info: host: &apos;DESKTOP-JD55J81&apos;, ip: &apos;172.24.128.1&apos;, os.name: &apos;Windows 10&apos;, os.arch: &apos;amd64&apos;, os.version: &apos;10.0&apos;, java.version: &apos;15.0.2&apos;
Driver info: org.openqa.selenium.chrome.ChromeDriver
Command: [0c6d8305c765c851442d4d1efed74094, findElement {using=xpath, value=/html[1]/body[1]/div[1]/div[1]/div[2]/div[1]/div[1]/div[1]/div[1]/div[1]/div[1]/div[4]/div[1]/a[1]/h4[1]}]
Capabilities {acceptInsecureCerts: false, browserName: chrome, browserVersion: 103.0.5060.114, chrome: {chromedriverVersion: 103.0.5060.134 (8ec6fce403b..., userDataDir: C:\Users\ANSHUM~1\AppData\L...}, goog:chromeOptions: {debuggerAddress: localhost:57264}, javascriptEnabled: true, networkConnectionEnabled: false, pageLoadStrategy: normal, platform: WINDOWS, platformName: WINDOWS, proxy: Proxy(), se:cdp: ws://localhost:57264/devtoo..., se:cdpVersion: 103.0.5060.114, setWindowRect: true, strictFileInteractability: false, timeouts: {implicit: 0, pageLoad: 300000, script: 30000}, unhandledPromptBehavior: dismiss and notify, webauthn:extension:credBlob: true, webauthn:extension:largeBlob: true, webauthn:virtualAuthenticators: true}
Session ID: 0c6d8305c765c851442d4d1efed74094
	at org.openqa.selenium.remote.codec.w3c.W3CHttpResponseCodec.createException(W3CHttpResponseCodec.java:200)
	at org.openqa.selenium.remote.codec.w3c.W3CHttpResponseCodec.decode(W3CHttpResponseCodec.java:133)
	at org.openqa.selenium.remote.codec.w3c.W3CHttpResponseCodec.decode(W3CHttpResponseCodec.java:53)
	at org.openqa.selenium.remote.HttpCommandExecutor.execute(HttpCommandExecutor.java:184)
	at org.openqa.selenium.remote.service.DriverCommandExecutor.invokeExecute(DriverCommandExecutor.java:164)
	at org.openqa.selenium.remote.service.DriverCommandExecutor.execute(DriverCommandExecutor.java:139)
	at org.openqa.selenium.remote.RemoteWebDriver.execute(RemoteWebDriver.java:559)
	at org.openqa.selenium.remote.ElementLocation$ElementFinder$2.findElement(ElementLocation.java:162)
	at org.openqa.selenium.remote.ElementLocation.findElement(ElementLocation.java:60)
	at org.openqa.selenium.remote.RemoteWebDriver.findElement(RemoteWebDriver.java:383)
	at org.openqa.selenium.remote.RemoteWebDriver.findElement(RemoteWebDriver.java:375)
	at pages.AdditionalPurchase.investButton(AdditionalPurchase.java:17)
	at testcases.AdditonalPurchaseTest.additinalPurchaseTest(AdditonalPurchaseTest.java:27)
	at java.base/java.util.ArrayList.forEach(ArrayList.java:1511)
... Removed 32 stack frames
</div> <!-- stack-trace -->
                </div> <!-- method-content -->
              </div> <!-- method -->
              <div class="method">
                <div class="method-content">
                  <a name="gaolButton">
                  </a> <!-- gaolButton -->
                  <span class="method-name">gaolButton</span>
                  <div class="stack-trace">org.openqa.selenium.ElementClickInterceptedException: element click intercepted: Element &lt;a class=&quot;nav-link&quot; href=&quot;dashboard/goalFullView&quot;&gt;...&lt;/a&gt; is not clickable at point (121, 336). Other element would receive the click: &lt;div class=&quot;md-dialog-container ng-scope&quot; tabindex=&quot;-1&quot; style=&quot;top: 0px; height: 683px;&quot;&gt;...&lt;/div&gt;
  (Session info: chrome=103.0.5060.114)
Build info: version: &apos;4.1.0&apos;, revision: &apos;87802e897b&apos;
System info: host: &apos;DESKTOP-JD55J81&apos;, ip: &apos;172.24.128.1&apos;, os.name: &apos;Windows 10&apos;, os.arch: &apos;amd64&apos;, os.version: &apos;10.0&apos;, java.version: &apos;15.0.2&apos;
Driver info: org.openqa.selenium.chrome.ChromeDriver
Command: [0c6d8305c765c851442d4d1efed74094, clickElement {id=50d8e545-71e4-4d18-90e2-61e7a961d46a}]
Capabilities {acceptInsecureCerts: false, browserName: chrome, browserVersion: 103.0.5060.114, chrome: {chromedriverVersion: 103.0.5060.134 (8ec6fce403b..., userDataDir: C:\Users\ANSHUM~1\AppData\L...}, goog:chromeOptions: {debuggerAddress: localhost:57264}, javascriptEnabled: true, networkConnectionEnabled: false, pageLoadStrategy: normal, platform: WINDOWS, platformName: WINDOWS, proxy: Proxy(), se:cdp: ws://localhost:57264/devtoo..., se:cdpVersion: 103.0.5060.114, setWindowRect: true, strictFileInteractability: false, timeouts: {implicit: 0, pageLoad: 300000, script: 30000}, unhandledPromptBehavior: dismiss and notify, webauthn:extension:credBlob: true, webauthn:extension:largeBlob: true, webauthn:virtualAuthenticators: true}
Element: [[ChromeDriver: chrome on WINDOWS (0c6d8305c765c851442d4d1efed74094)] -&gt; link text: Goals]
Session ID: 0c6d8305c765c851442d4d1efed74094
	at org.openqa.selenium.remote.codec.w3c.W3CHttpResponseCodec.createException(W3CHttpResponseCodec.java:200)
	at org.openqa.selenium.remote.codec.w3c.W3CHttpResponseCodec.decode(W3CHttpResponseCodec.java:133)
	at org.openqa.selenium.remote.codec.w3c.W3CHttpResponseCodec.decode(W3CHttpResponseCodec.java:53)
	at org.openqa.selenium.remote.HttpCommandExecutor.execute(HttpCommandExecutor.java:184)
	at org.openqa.selenium.remote.service.DriverCommandExecutor.invokeExecute(DriverCommandExecutor.java:164)
	at org.openqa.selenium.remote.service.DriverCommandExecutor.execute(DriverCommandExecutor.java:139)
	at org.openqa.selenium.remote.RemoteWebDriver.execute(RemoteWebDriver.java:559)
	at org.openqa.selenium.remote.RemoteWebElement.execute(RemoteWebElement.java:251)
	at org.openqa.selenium.remote.RemoteWebElement.click(RemoteWebElement.java:77)
	at pages.DeleteAllGoals.goalButton(DeleteAllGoals.java:10)
	at testcases.AdditonalPurchaseTest.gaolButton(AdditonalPurchaseTest.java:21)
	at java.base/java.util.ArrayList.forEach(ArrayList.java:1511)
... Removed 32 stack frames
</div> <!-- stack-trace -->
                </div> <!-- method-content -->
              </div> <!-- method -->
            </div> <!-- main-panel-content rounded-window-bottom -->
          </div> <!-- suite-TestNG_Suite-class-failed -->
          <div class="suite-TestNG_Suite-class-failed">
            <div class="main-panel-header rounded-window-top">
              <img src="failed.png"/>
              <span class="class-name">testcases.PaymentGetwayTest</span>
            </div> <!-- main-panel-header rounded-window-top -->
            <div class="main-panel-content rounded-window-bottom">
              <div class="method">
                <div class="method-content">
                  <a name="paymentGetwayTest">
                  </a> <!-- paymentGetwayTest -->
                  <span class="method-name">paymentGetwayTest</span>
                  <div class="stack-trace">org.openqa.selenium.NoSuchElementException: no such element: Unable to locate element: {&quot;method&quot;:&quot;xpath&quot;,&quot;selector&quot;:&quot;//body/md-bottom-sheet[1]/div[2]/md-list[1]/md-list-item[3]/div[1]/div[1]/md-checkbox[1]/div[1]&quot;}
  (Session info: chrome=103.0.5060.114)
For documentation on this error, please visit: https://selenium.dev/exceptions/#no_such_element
Build info: version: &apos;4.1.0&apos;, revision: &apos;87802e897b&apos;
System info: host: &apos;DESKTOP-JD55J81&apos;, ip: &apos;172.24.128.1&apos;, os.name: &apos;Windows 10&apos;, os.arch: &apos;amd64&apos;, os.version: &apos;10.0&apos;, java.version: &apos;15.0.2&apos;
Driver info: org.openqa.selenium.chrome.ChromeDriver
Command: [0c6d8305c765c851442d4d1efed74094, findElement {using=xpath, value=//body/md-bottom-sheet[1]/div[2]/md-list[1]/md-list-item[3]/div[1]/div[1]/md-checkbox[1]/div[1]}]
Capabilities {acceptInsecureCerts: false, browserName: chrome, browserVersion: 103.0.5060.114, chrome: {chromedriverVersion: 103.0.5060.134 (8ec6fce403b..., userDataDir: C:\Users\ANSHUM~1\AppData\L...}, goog:chromeOptions: {debuggerAddress: localhost:57264}, javascriptEnabled: true, networkConnectionEnabled: false, pageLoadStrategy: normal, platform: WINDOWS, platformName: WINDOWS, proxy: Proxy(), se:cdp: ws://localhost:57264/devtoo..., se:cdpVersion: 103.0.5060.114, setWindowRect: true, strictFileInteractability: false, timeouts: {implicit: 0, pageLoad: 300000, script: 30000}, unhandledPromptBehavior: dismiss and notify, webauthn:extension:credBlob: true, webauthn:extension:largeBlob: true, webauthn:virtualAuthenticators: true}
Session ID: 0c6d8305c765c851442d4d1efed74094
	at org.openqa.selenium.remote.codec.w3c.W3CHttpResponseCodec.createException(W3CHttpResponseCodec.java:200)
	at org.openqa.selenium.remote.codec.w3c.W3CHttpResponseCodec.decode(W3CHttpResponseCodec.java:133)
	at org.openqa.selenium.remote.codec.w3c.W3CHttpResponseCodec.decode(W3CHttpResponseCodec.java:53)
	at org.openqa.selenium.remote.HttpCommandExecutor.execute(HttpCommandExecutor.java:184)
	at org.openqa.selenium.remote.service.DriverCommandExecutor.invokeExecute(DriverCommandExecutor.java:164)
	at org.openqa.selenium.remote.service.DriverCommandExecutor.execute(DriverCommandExecutor.java:139)
	at org.openqa.selenium.remote.RemoteWebDriver.execute(RemoteWebDriver.java:559)
	at org.openqa.selenium.remote.ElementLocation$ElementFinder$2.findElement(ElementLocation.java:162)
	at org.openqa.selenium.remote.ElementLocation.findElement(ElementLocation.java:60)
	at org.openqa.selenium.remote.RemoteWebDriver.findElement(RemoteWebDriver.java:383)
	at org.openqa.selenium.remote.RemoteWebDriver.findElement(RemoteWebDriver.java:375)
	at pages.PaymentGetway.upi(PaymentGetway.java:62)
	at testcases.PaymentGetwayTest.paymentGetwayTest(PaymentGetwayTest.java:28)
	at java.base/java.util.ArrayList.forEach(ArrayList.java:1511)
... Removed 32 stack frames
</div> <!-- stack-trace -->
                </div> <!-- method-content -->
              </div> <!-- method -->
            </div> <!-- main-panel-content rounded-window-bottom -->
          </div> <!-- suite-TestNG_Suite-class-failed -->
          <div class="suite-TestNG_Suite-class-passed">
            <div class="main-panel-header rounded-window-top">
              <img src="passed.png"/>
              <span class="class-name">testcases.NewUserWithKYC</span>
            </div> <!-- main-panel-header rounded-window-top -->
            <div class="main-panel-content rounded-window-bottom">
              <div class="method">
                <div class="method-content">
                  <a name="goalAddtocartTest">
                  </a> <!-- goalAddtocartTest -->
                  <span class="method-name">goalAddtocartTest</span>
                </div> <!-- method-content -->
              </div> <!-- method -->
            </div> <!-- main-panel-content rounded-window-bottom -->
          </div> <!-- suite-TestNG_Suite-class-passed -->
          <div class="suite-TestNG_Suite-class-passed">
            <div class="main-panel-header rounded-window-top">
              <img src="passed.png"/>
              <span class="class-name">testcases.DashboardTest</span>
            </div> <!-- main-panel-header rounded-window-top -->
            <div class="main-panel-content rounded-window-bottom">
              <div class="method">
                <div class="method-content">
                  <a name="allMemAndActiveMFTest">
                  </a> <!-- allMemAndActiveMFTest -->
                  <span class="method-name">allMemAndActiveMFTest</span>
                </div> <!-- method-content -->
              </div> <!-- method -->
              <div class="method">
                <div class="method-content">
                  <a name="allMemAndAllMFTest">
                  </a> <!-- allMemAndAllMFTest -->
                  <span class="method-name">allMemAndAllMFTest</span>
                </div> <!-- method-content -->
              </div> <!-- method -->
              <div class="method">
                <div class="method-content">
                  <a name="liquiloanTest">
                  </a> <!-- liquiloanTest -->
                  <span class="method-name">liquiloanTest</span>
                </div> <!-- method-content -->
              </div> <!-- method -->
              <div class="method">
                <div class="method-content">
                  <a name="memberOtherInsuranceTest">
                  </a> <!-- memberOtherInsuranceTest -->
                  <span class="method-name">memberOtherInsuranceTest</span>
                </div> <!-- method-content -->
              </div> <!-- method -->
              <div class="method">
                <div class="method-content">
                  <a name="memberProtectionTest">
                  </a> <!-- memberProtectionTest -->
                  <span class="method-name">memberProtectionTest</span>
                </div> <!-- method-content -->
              </div> <!-- method -->
              <div class="method">
                <div class="method-content">
                  <a name="memberUlipTest">
                  </a> <!-- memberUlipTest -->
                  <span class="method-name">memberUlipTest</span>
                </div> <!-- method-content -->
              </div> <!-- method -->
              <div class="method">
                <div class="method-content">
                  <a name="memberwiseMFTest">
                  </a> <!-- memberwiseMFTest -->
                  <span class="method-name">memberwiseMFTest</span>
                </div> <!-- method-content -->
              </div> <!-- method -->
              <div class="method">
                <div class="method-content">
                  <a name="mfInvestmentDetails">
                  </a> <!-- mfInvestmentDetails -->
                  <span class="method-name">mfInvestmentDetails</span>
                </div> <!-- method-content -->
              </div> <!-- method -->
              <div class="method">
                <div class="method-content">
                  <a name="otherInsuranceTest">
                  </a> <!-- otherInsuranceTest -->
                  <span class="method-name">otherInsuranceTest</span>
                </div> <!-- method-content -->
              </div> <!-- method -->
              <div class="method">
                <div class="method-content">
                  <a name="pmsTest">
                  </a> <!-- pmsTest -->
                  <span class="method-name">pmsTest</span>
                </div> <!-- method-content -->
              </div> <!-- method -->
              <div class="method">
                <div class="method-content">
                  <a name="protectionTest">
                  </a> <!-- protectionTest -->
                  <span class="method-name">protectionTest</span>
                </div> <!-- method-content -->
              </div> <!-- method -->
            </div> <!-- main-panel-content rounded-window-bottom -->
          </div> <!-- suite-TestNG_Suite-class-passed -->
          <div class="suite-TestNG_Suite-class-passed">
            <div class="main-panel-header rounded-window-top">
              <img src="passed.png"/>
              <span class="class-name">testcases.CASuploadTest</span>
            </div> <!-- main-panel-header rounded-window-top -->
            <div class="main-panel-content rounded-window-bottom">
              <div class="method">
                <div class="method-content">
                  <a name="casUploadTest">
                  </a> <!-- casUploadTest -->
                  <span class="method-name">casUploadTest</span>
                </div> <!-- method-content -->
              </div> <!-- method -->
            </div> <!-- main-panel-content rounded-window-bottom -->
          </div> <!-- suite-TestNG_Suite-class-passed -->
          <div class="suite-TestNG_Suite-class-passed">
            <div class="main-panel-header rounded-window-top">
              <img src="passed.png"/>
              <span class="class-name">testcases.KYCtest</span>
            </div> <!-- main-panel-header rounded-window-top -->
            <div class="main-panel-content rounded-window-bottom">
              <div class="method">
                <div class="method-content">
                  <a name="allreadyKyc(TEEPT2091J)">
                  </a> <!-- allreadyKyc(TEEPT2091J) -->
                  <span class="method-name">allreadyKyc</span>
                  <span class="parameters">(TEEPT2091J)</span>
                </div> <!-- method-content -->
              </div> <!-- method -->
              <div class="method">
                <div class="method-content">
                  <a name="websiteRegistarion(testweb30july22@gmail.com, Anhsuman Singh, 8368264851, 12345678)">
                  </a> <!-- websiteRegistarion(testweb30july22@gmail.com, Anhsuman Singh, 8368264851, 12345678) -->
                  <span class="method-name">websiteRegistarion</span>
                  <span class="parameters">(testweb30july22@gmail.com, Anhsuman Singh, 8368264851, 12345678)</span>
                </div> <!-- method-content -->
              </div> <!-- method -->
            </div> <!-- main-panel-content rounded-window-bottom -->
          </div> <!-- suite-TestNG_Suite-class-passed -->
        </div> <!-- panel TestNG_Suite -->
        <div panel-name="test-xml-TestNG_Suite" class="panel">
          <div class="main-panel-header rounded-window-top">
            <span class="header-content">C:\Users\ANSHUMAN SINGH\git\Azure-Selenium-Demo\AppFincart\src\test\resources\runner\testng.xml</span>
          </div> <!-- main-panel-header rounded-window-top -->
          <div class="main-panel-content rounded-window-bottom">
            <pre>
&lt;?xml version=&quot;1.0&quot; encoding=&quot;UTF-8&quot;?&gt;
&lt;!DOCTYPE suite SYSTEM &quot;https://testng.org/testng-1.0.dtd&quot;&gt;
&lt;suite name=&quot;TestNG Suite&quot; guice-stage=&quot;DEVELOPMENT&quot;&gt;
  &lt;listeners&gt;
    &lt;listener class-name=&quot;listeners.CustomListeners&quot;/&gt;
    &lt;listener class-name=&quot;org.uncommons.reportng.HTMLReporter&quot;/&gt;
  &lt;/listeners&gt;
  &lt;test thread-count=&quot;5&quot; name=&quot;KYC Test&quot;&gt;
    &lt;classes&gt;
      &lt;class name=&quot;testcases.KYCtest&quot;/&gt;
    &lt;/classes&gt;
  &lt;/test&gt; &lt;!-- KYC Test --&gt;
  &lt;test thread-count=&quot;5&quot; name=&quot;NewUserTesting&quot;&gt;
    &lt;classes&gt;
      &lt;class name=&quot;testcases.NewUserWithKYC&quot;/&gt;
    &lt;/classes&gt;
  &lt;/test&gt; &lt;!-- NewUserTesting --&gt;
  &lt;test thread-count=&quot;5&quot; name=&quot;ClientInvestementTan&quot;&gt;
    &lt;classes&gt;
      &lt;class name=&quot;testcases.ClientInvestementTabTest&quot;/&gt;
    &lt;/classes&gt;
  &lt;/test&gt; &lt;!-- ClientInvestementTan --&gt;
  &lt;test thread-count=&quot;5&quot; name=&quot;Additional Purchage Test&quot;&gt;
    &lt;classes&gt;
      &lt;class name=&quot;testcases.AdditonalPurchaseTest&quot;/&gt;
    &lt;/classes&gt;
  &lt;/test&gt; &lt;!-- Additional Purchage Test --&gt;
  &lt;test thread-count=&quot;5&quot; name=&quot;DashboardTest&quot;&gt;
    &lt;classes&gt;
      &lt;class name=&quot;testcases.DashboardTest&quot;/&gt;
    &lt;/classes&gt;
  &lt;/test&gt; &lt;!-- DashboardTest --&gt;
  &lt;test thread-count=&quot;5&quot; name=&quot;PaymentGetwayTest&quot;&gt;
    &lt;classes&gt;
      &lt;class name=&quot;testcases.PaymentGetwayTest&quot;/&gt;
    &lt;/classes&gt;
  &lt;/test&gt; &lt;!-- PaymentGetwayTest --&gt;
  &lt;test thread-count=&quot;5&quot; name=&quot;Edit Profile Test&quot;&gt;
    &lt;classes&gt;
      &lt;class name=&quot;testcases.EditProfileTest&quot;/&gt;
    &lt;/classes&gt;
  &lt;/test&gt; &lt;!-- Edit Profile Test --&gt;
  &lt;test thread-count=&quot;5&quot; name=&quot;CAS Upload  Test&quot;&gt;
    &lt;classes&gt;
      &lt;class name=&quot;testcases.CASuploadTest&quot;/&gt;
    &lt;/classes&gt;
  &lt;/test&gt; &lt;!-- CAS Upload  Test --&gt;
&lt;/suite&gt; &lt;!-- TestNG Suite --&gt;
            </pre>
          </div> <!-- main-panel-content rounded-window-bottom -->
        </div> <!-- panel -->
        <div panel-name="testlist-TestNG_Suite" class="panel">
          <div class="main-panel-header rounded-window-top">
            <span class="header-content">Tests for TestNG Suite</span>
          </div> <!-- main-panel-header rounded-window-top -->
          <div class="main-panel-content rounded-window-bottom">
            <ul>
              <li>
                <span class="test-name">KYC Test (1 class)</span>
              </li>
              <li>
                <span class="test-name">NewUserTesting (1 class)</span>
              </li>
              <li>
                <span class="test-name">ClientInvestementTan (1 class)</span>
              </li>
              <li>
                <span class="test-name">Additional Purchage Test (1 class)</span>
              </li>
              <li>
                <span class="test-name">DashboardTest (1 class)</span>
              </li>
              <li>
                <span class="test-name">PaymentGetwayTest (1 class)</span>
              </li>
              <li>
                <span class="test-name">Edit Profile Test (1 class)</span>
              </li>
              <li>
                <span class="test-name">CAS Upload  Test (1 class)</span>
              </li>
            </ul>
          </div> <!-- main-panel-content rounded-window-bottom -->
        </div> <!-- panel -->
        <div panel-name="group-TestNG_Suite" class="panel">
          <div class="main-panel-header rounded-window-top">
            <span class="header-content">Groups for TestNG Suite</span>
          </div> <!-- main-panel-header rounded-window-top -->
          <div class="main-panel-content rounded-window-bottom">
            <div class="test-group">
              <span class="test-group-name">high</span>
              <br/>
              <div class="method-in-group">
                <span class="method-in-group-name">websiteRegistarion</span>
                <br/>
              </div> <!-- method-in-group -->
            </div> <!-- test-group -->
          </div> <!-- main-panel-content rounded-window-bottom -->
        </div> <!-- panel -->
        <div panel-name="times-TestNG_Suite" class="panel">
          <div class="main-panel-header rounded-window-top">
            <span class="header-content">Times for TestNG Suite</span>
          </div> <!-- main-panel-header rounded-window-top -->
          <div class="main-panel-content rounded-window-bottom">
            <div class="times-div">
              <script type="text/javascript">
suiteTableInitFunctions.push('tableData_TestNG_Suite');
function tableData_TestNG_Suite() {
var data = new google.visualization.DataTable();
data.addColumn('number', 'Number');
data.addColumn('string', 'Method');
data.addColumn('string', 'Class');
data.addColumn('number', 'Time (ms)');
data.addRows(25);
data.setCell(0, 0, 0)
data.setCell(0, 1, 'addressRequestTest')
data.setCell(0, 2, 'testcases.EditProfileTest')
data.setCell(0, 3, 266082);
data.setCell(1, 0, 1)
data.setCell(1, 1, 'goalAddtocartTest')
data.setCell(1, 2, 'testcases.NewUserWithKYC')
data.setCell(1, 3, 234153);
data.setCell(2, 0, 2)
data.setCell(2, 1, 'memberwiseMFTest')
data.setCell(2, 2, 'testcases.DashboardTest')
data.setCell(2, 3, 168521);
data.setCell(3, 0, 3)
data.setCell(3, 1, 'allreadyKyc')
data.setCell(3, 2, 'testcases.KYCtest')
data.setCell(3, 3, 161347);
data.setCell(4, 0, 4)
data.setCell(4, 1, 'allMemAndActiveMFTest')
data.setCell(4, 2, 'testcases.DashboardTest')
data.setCell(4, 3, 155588);
data.setCell(5, 0, 5)
data.setCell(5, 1, 'bankRequestTest')
data.setCell(5, 2, 'testcases.EditProfileTest')
data.setCell(5, 3, 114435);
data.setCell(6, 0, 6)
data.setCell(6, 1, 'paymentGetwayTest')
data.setCell(6, 2, 'testcases.PaymentGetwayTest')
data.setCell(6, 3, 91585);
data.setCell(7, 0, 7)
data.setCell(7, 1, 'taxPlanningaddtoCart')
data.setCell(7, 2, 'testcases.NewUserWithKYC')
data.setCell(7, 3, 89089);
data.setCell(8, 0, 8)
data.setCell(8, 1, 'casUploadTest')
data.setCell(8, 2, 'testcases.CASuploadTest')
data.setCell(8, 3, 78882);
data.setCell(9, 0, 9)
data.setCell(9, 1, 'sipAddtocartTest')
data.setCell(9, 2, 'testcases.NewUserWithKYC')
data.setCell(9, 3, 53351);
data.setCell(10, 0, 10)
data.setCell(10, 1, 'allMemAndAllMFTest')
data.setCell(10, 2, 'testcases.DashboardTest')
data.setCell(10, 3, 51493);
data.setCell(11, 0, 11)
data.setCell(11, 1, 'mfInvestmentDetails')
data.setCell(11, 2, 'testcases.DashboardTest')
data.setCell(11, 3, 43155);
data.setCell(12, 0, 12)
data.setCell(12, 1, 'goalWiseInvestmentTest')
data.setCell(12, 2, 'testcases.DashboardTest')
data.setCell(12, 3, 34816);
data.setCell(13, 0, 13)
data.setCell(13, 1, 'investmentTab')
data.setCell(13, 2, 'testcases.ClientInvestementTabTest')
data.setCell(13, 3, 31300);
data.setCell(14, 0, 14)
data.setCell(14, 1, 'additinalPurchaseTest')
data.setCell(14, 2, 'testcases.AdditonalPurchaseTest')
data.setCell(14, 3, 30043);
data.setCell(15, 0, 15)
data.setCell(15, 1, 'memberProtectionTest')
data.setCell(15, 2, 'testcases.DashboardTest')
data.setCell(15, 3, 25920);
data.setCell(16, 0, 16)
data.setCell(16, 1, 'protectionTest')
data.setCell(16, 2, 'testcases.DashboardTest')
data.setCell(16, 3, 25692);
data.setCell(17, 0, 17)
data.setCell(17, 1, 'memberUlipTest')
data.setCell(17, 2, 'testcases.DashboardTest')
data.setCell(17, 3, 21898);
data.setCell(18, 0, 18)
data.setCell(18, 1, 'ulipTest')
data.setCell(18, 2, 'testcases.DashboardTest')
data.setCell(18, 3, 19635);
data.setCell(19, 0, 19)
data.setCell(19, 1, 'liquiloanTest')
data.setCell(19, 2, 'testcases.DashboardTest')
data.setCell(19, 3, 16927);
data.setCell(20, 0, 20)
data.setCell(20, 1, 'pmsTest')
data.setCell(20, 2, 'testcases.DashboardTest')
data.setCell(20, 3, 14323);
data.setCell(21, 0, 21)
data.setCell(21, 1, 'gaolButton')
data.setCell(21, 2, 'testcases.AdditonalPurchaseTest')
data.setCell(21, 3, 12927);
data.setCell(22, 0, 22)
data.setCell(22, 1, 'memberOtherInsuranceTest')
data.setCell(22, 2, 'testcases.DashboardTest')
data.setCell(22, 3, 12213);
data.setCell(23, 0, 23)
data.setCell(23, 1, 'websiteRegistarion')
data.setCell(23, 2, 'testcases.KYCtest')
data.setCell(23, 3, 12164);
data.setCell(24, 0, 24)
data.setCell(24, 1, 'otherInsuranceTest')
data.setCell(24, 2, 'testcases.DashboardTest')
data.setCell(24, 3, 10035);
window.suiteTableData['TestNG_Suite']= { tableData: data, tableDiv: 'times-div-TestNG_Suite'}
return data;
}
              </script>
              <span class="suite-total-time">Total running time: 29 minutes</span>
              <div id="times-div-TestNG_Suite">
              </div> <!-- times-div-TestNG_Suite -->
            </div> <!-- times-div -->
          </div> <!-- main-panel-content rounded-window-bottom -->
        </div> <!-- panel -->
        <div panel-name="reporter-TestNG_Suite" class="panel">
          <div class="main-panel-header rounded-window-top">
            <span class="header-content">Reporter output for TestNG Suite</span>
          </div> <!-- main-panel-header rounded-window-top -->
          <div class="main-panel-content rounded-window-bottom">
            <div class="reporter-method-div">
              <span class="reporter-method-name">websiteRegistarion(testweb30july22@gmail.com, Anhsuman Singh, 8368264851, 12345678)</span>
              <div class="reporter-method-output-div">
                <span class="reporter-method-output">WebSite Registarion Done Successfully</span>
              </div> <!-- reporter-method-output-div -->
            </div> <!-- reporter-method-div -->
            <div class="reporter-method-div">
              <span class="reporter-method-name">goalAddtocartTest</span>
              <div class="reporter-method-output-div">
                <span class="reporter-method-output">Goal add Successfully</span>
                <span class="reporter-method-output">Recommended Scheme one Time add Successfully</span>
                <span class="reporter-method-output">Recommended Scheme Monthly add Successfully</span>
                <span class="reporter-method-output">Search Scheme Monthly add Successfully</span>
                <span class="reporter-method-output">Search Scheme OneTime add Successfully</span>
              </div> <!-- reporter-method-output-div -->
            </div> <!-- reporter-method-div -->
            <div class="reporter-method-div">
              <span class="reporter-method-name">sipAddtocartTest</span>
              <div class="reporter-method-output-div">
                <span class="reporter-method-output">Quci SIP add Successfully</span>
                <span class="reporter-method-output"><a href=null target="_blank">Capture Screenshot</a></span>
                <span class="reporter-method-output"><br></span>
                <span class="reporter-method-output"><a href=null target="_blank"><img src=null height=200 width=200></a></span>
              </div> <!-- reporter-method-output-div -->
            </div> <!-- reporter-method-div -->
            <div class="reporter-method-div">
              <span class="reporter-method-name">taxPlanningaddtoCart</span>
              <div class="reporter-method-output-div">
                <span class="reporter-method-output">Tax Planning added Successfully</span>
                <span class="reporter-method-output">Tax Planning Add to cart Successfully</span>
                <span class="reporter-method-output"><a href=null target="_blank">Capture Screenshot</a></span>
                <span class="reporter-method-output"><br></span>
                <span class="reporter-method-output"><a href=null target="_blank"><img src=null height=200 width=200></a></span>
              </div> <!-- reporter-method-output-div -->
            </div> <!-- reporter-method-div -->
            <div class="reporter-method-div">
              <span class="reporter-method-name">investmentTab</span>
              <div class="reporter-method-output-div">
                <span class="reporter-method-output">Goal investment open Successfully</span>
                <span class="reporter-method-output">Goal investment open Successfully</span>
                <span class="reporter-method-output"><a href=null target="_blank">Capture Screenshot</a></span>
                <span class="reporter-method-output"><br></span>
                <span class="reporter-method-output"><a href=null target="_blank"><img src=null height=200 width=200></a></span>
              </div> <!-- reporter-method-output-div -->
            </div> <!-- reporter-method-div -->
            <div class="reporter-method-div">
              <span class="reporter-method-name">gaolButton</span>
              <div class="reporter-method-output-div">
                <span class="reporter-method-output"><a href=null target="_blank">Capture Screenshot</a></span>
                <span class="reporter-method-output"><br></span>
                <span class="reporter-method-output"><a href=null target="_blank"><img src=null height=200 width=200></a></span>
              </div> <!-- reporter-method-output-div -->
            </div> <!-- reporter-method-div -->
            <div class="reporter-method-div">
              <span class="reporter-method-name">additinalPurchaseTest</span>
              <div class="reporter-method-output-div">
                <span class="reporter-method-output"><a href=null target="_blank">Capture Screenshot</a></span>
                <span class="reporter-method-output"><br></span>
                <span class="reporter-method-output"><a href=null target="_blank"><img src=null height=200 width=200></a></span>
              </div> <!-- reporter-method-output-div -->
            </div> <!-- reporter-method-div -->
            <div class="reporter-method-div">
              <span class="reporter-method-name">allMemAndActiveMFTest</span>
              <div class="reporter-method-output-div">
                <span class="reporter-method-output">All Member and Active MFMutual FundsExtensButton Open Successfully</span>
                <span class="reporter-method-output">All Member and Active MF Mutual One time add to cart Successfully </span>
                <span class="reporter-method-output">All Member and Active MF Mutual sell Successfully</span>
                <span class="reporter-method-output">All Member and Active MF Mutual Swith Successfully</span>
                <span class="reporter-method-output">All Member and Active MF Monthly Successfully</span>
                <span class="reporter-method-output">All Member and Active MF STP Successfully</span>
                <span class="reporter-method-output">All Member and Active MF SWP Successfully</span>
              </div> <!-- reporter-method-output-div -->
            </div> <!-- reporter-method-div -->
            <div class="reporter-method-div">
              <span class="reporter-method-name">memberOtherInsuranceTest</span>
              <div class="reporter-method-output-div">
                <span class="reporter-method-output"> Member OtherInsurance Test  Successfully</span>
              </div> <!-- reporter-method-output-div -->
            </div> <!-- reporter-method-div -->
            <div class="reporter-method-div">
              <span class="reporter-method-name">liquiloanTest</span>
              <div class="reporter-method-output-div">
                <span class="reporter-method-output">liquiloan Test  Successfully</span>
              </div> <!-- reporter-method-output-div -->
            </div> <!-- reporter-method-div -->
            <div class="reporter-method-div">
              <span class="reporter-method-name">allMemAndAllMFTest</span>
              <div class="reporter-method-output-div">
                <span class="reporter-method-output">All Member and All MFMutual FundsExtensButton Open Successfully</span>
                <span class="reporter-method-output">All Member and All MFMutual One time add to cart Successfully </span>
                <span class="reporter-method-output">All Member and All MFMutual sell Successfully</span>
                <span class="reporter-method-output">All Member and All MFMutual Swith Successfully</span>
              </div> <!-- reporter-method-output-div -->
            </div> <!-- reporter-method-div -->
            <div class="reporter-method-div">
              <span class="reporter-method-name">memberProtectionTest</span>
              <div class="reporter-method-output-div">
                <span class="reporter-method-output"> Member protectionTest Test  Successfully</span>
              </div> <!-- reporter-method-output-div -->
            </div> <!-- reporter-method-div -->
            <div class="reporter-method-div">
              <span class="reporter-method-name">mfInvestmentDetails</span>
              <div class="reporter-method-output-div">
                <span class="reporter-method-output">View MF total Investment Summary Open successfull</span>
                <span class="reporter-method-output">All Member and Active MF Monthly Successfully</span>
                <span class="reporter-method-output">All Member and Active MF Monthly Successfully</span>
              </div> <!-- reporter-method-output-div -->
            </div> <!-- reporter-method-div -->
            <div class="reporter-method-div">
              <span class="reporter-method-name">memberUlipTest</span>
              <div class="reporter-method-output-div">
                <span class="reporter-method-output">Member Ulip Test  Successfully</span>
              </div> <!-- reporter-method-output-div -->
            </div> <!-- reporter-method-div -->
            <div class="reporter-method-div">
              <span class="reporter-method-name">otherInsuranceTest</span>
              <div class="reporter-method-output-div">
                <span class="reporter-method-output">OtherInsurance Test  Successfully</span>
              </div> <!-- reporter-method-output-div -->
            </div> <!-- reporter-method-div -->
            <div class="reporter-method-div">
              <span class="reporter-method-name">protectionTest</span>
              <div class="reporter-method-output-div">
                <span class="reporter-method-output">protectionTest Test  Successfully</span>
              </div> <!-- reporter-method-output-div -->
            </div> <!-- reporter-method-div -->
            <div class="reporter-method-div">
              <span class="reporter-method-name">memberwiseMFTest</span>
              <div class="reporter-method-output-div">
                <span class="reporter-method-output"> MemberWise and Active MFMutual FundsExtensButton Open Successfully</span>
                <span class="reporter-method-output">MemberWise and Active MF Mutual One time add to cart Successfully </span>
                <span class="reporter-method-output">MemberWise and Active MF Mutual sell Successfully</span>
                <span class="reporter-method-output">MemberWise and Active MF Mutual Swith Successfully</span>
                <span class="reporter-method-output">MemberWise and Active MF Monthly Successfully</span>
                <span class="reporter-method-output">MemberWise and Active MF STP Successfully</span>
                <span class="reporter-method-output">MemberWise and Active MF SWP Successfully</span>
              </div> <!-- reporter-method-output-div -->
            </div> <!-- reporter-method-div -->
            <div class="reporter-method-div">
              <span class="reporter-method-name">pmsTest</span>
              <div class="reporter-method-output-div">
                <span class="reporter-method-output">PMS Test  Successfully</span>
              </div> <!-- reporter-method-output-div -->
            </div> <!-- reporter-method-div -->
            <div class="reporter-method-div">
              <span class="reporter-method-name">goalWiseInvestmentTest</span>
              <div class="reporter-method-output-div">
                <span class="reporter-method-output">goalwise MF Active Investments Btn Open Successfully</span>
                <span class="reporter-method-output">Goal wise Ulip Test  Successfully</span>
                <span class="reporter-method-output"><a href=null target="_blank">Capture Screenshot</a></span>
                <span class="reporter-method-output"><br></span>
                <span class="reporter-method-output"><a href=null target="_blank"><img src=null height=200 width=200></a></span>
              </div> <!-- reporter-method-output-div -->
            </div> <!-- reporter-method-div -->
            <div class="reporter-method-div">
              <span class="reporter-method-name">ulipTest</span>
              <div class="reporter-method-output-div">
                <span class="reporter-method-output"><a href=null target="_blank">Capture Screenshot</a></span>
                <span class="reporter-method-output"><br></span>
                <span class="reporter-method-output"><a href=null target="_blank"><img src=null height=200 width=200></a></span>
              </div> <!-- reporter-method-output-div -->
            </div> <!-- reporter-method-div -->
            <div class="reporter-method-div">
              <span class="reporter-method-name">paymentGetwayTest</span>
              <div class="reporter-method-output-div">
                <span class="reporter-method-output">Net Banking Working Fine</span>
                <span class="reporter-method-output">Other Card working fine</span>
                <span class="reporter-method-output"><a href=null target="_blank">Capture Screenshot</a></span>
                <span class="reporter-method-output"><br></span>
                <span class="reporter-method-output"><a href=null target="_blank"><img src=null height=200 width=200></a></span>
              </div> <!-- reporter-method-output-div -->
            </div> <!-- reporter-method-div -->
            <div class="reporter-method-div">
              <span class="reporter-method-name">addressRequestTest</span>
              <div class="reporter-method-output-div">
                <span class="reporter-method-output"><a href=null target="_blank">Capture Screenshot</a></span>
                <span class="reporter-method-output"><br></span>
                <span class="reporter-method-output"><a href=null target="_blank"><img src=null height=200 width=200></a></span>
              </div> <!-- reporter-method-output-div -->
            </div> <!-- reporter-method-div -->
            <div class="reporter-method-div">
              <span class="reporter-method-name">bankRequestTest</span>
              <div class="reporter-method-output-div">
                <span class="reporter-method-output"><a href=null target="_blank">Capture Screenshot</a></span>
                <span class="reporter-method-output"><br></span>
                <span class="reporter-method-output"><a href=null target="_blank"><img src=null height=200 width=200></a></span>
              </div> <!-- reporter-method-output-div -->
            </div> <!-- reporter-method-div -->
          </div> <!-- main-panel-content rounded-window-bottom -->
        </div> <!-- panel -->
        <div panel-name="ignored-methods-TestNG_Suite" class="panel">
          <div class="main-panel-header rounded-window-top">
            <span class="header-content">0 ignored methods</span>
          </div> <!-- main-panel-header rounded-window-top -->
          <div class="main-panel-content rounded-window-bottom">
          </div> <!-- main-panel-content rounded-window-bottom -->
        </div> <!-- panel -->
        <div panel-name="chronological-TestNG_Suite" class="panel">
          <div class="main-panel-header rounded-window-top">
            <span class="header-content">Methods in chronological order</span>
          </div> <!-- main-panel-header rounded-window-top -->
          <div class="main-panel-content rounded-window-bottom">
            <div class="chronological-class">
              <div class="chronological-class-name">testcases.CASuploadTest</div> <!-- chronological-class-name -->
              <div class="configuration-suite before">
                <span class="method-name">setUp</span>
                <span class="method-start">0 ms</span>
              </div> <!-- configuration-suite before -->
            </div> <!-- chronological-class -->
            <div class="chronological-class">
              <div class="chronological-class-name">testcases.KYCtest</div> <!-- chronological-class-name -->
              <div class="test-method">
                <span class="method-name">websiteRegistarion(testweb30july22@gmail.com, Anhsuman Singh, 8368264851, 12345678)</span>
                <span class="method-start">6070 ms</span>
              </div> <!-- test-method -->
              <div class="test-method">
                <span class="method-name">allreadyKyc(TEEPT2091J)</span>
                <span class="method-start">18240 ms</span>
              </div> <!-- test-method -->
            </div> <!-- chronological-class -->
            <div class="chronological-class">
              <div class="chronological-class-name">testcases.NewUserWithKYC</div> <!-- chronological-class-name -->
              <div class="test-method">
                <span class="method-name">goalAddtocartTest</span>
                <span class="method-start">179631 ms</span>
              </div> <!-- test-method -->
              <div class="test-method">
                <img src="failed.png">
                </img>
                <span class="method-name">sipAddtocartTest</span>
                <span class="method-start">413791 ms</span>
              </div> <!-- test-method -->
              <div class="test-method">
                <img src="failed.png">
                </img>
                <span class="method-name">taxPlanningaddtoCart</span>
                <span class="method-start">467659 ms</span>
              </div> <!-- test-method -->
            </div> <!-- chronological-class -->
            <div class="chronological-class">
              <div class="chronological-class-name">testcases.ClientInvestementTabTest</div> <!-- chronological-class-name -->
              <div class="test-method">
                <img src="failed.png">
                </img>
                <span class="method-name">investmentTab</span>
                <span class="method-start">557164 ms</span>
              </div> <!-- test-method -->
            </div> <!-- chronological-class -->
            <div class="chronological-class">
              <div class="chronological-class-name">testcases.AdditonalPurchaseTest</div> <!-- chronological-class-name -->
              <div class="test-method">
                <img src="failed.png">
                </img>
                <span class="method-name">gaolButton</span>
                <span class="method-start">588634 ms</span>
              </div> <!-- test-method -->
              <div class="test-method">
                <img src="failed.png">
                </img>
                <span class="method-name">additinalPurchaseTest</span>
                <span class="method-start">601723 ms</span>
              </div> <!-- test-method -->
            </div> <!-- chronological-class -->
            <div class="chronological-class">
              <div class="chronological-class-name">testcases.DashboardTest</div> <!-- chronological-class-name -->
              <div class="test-method">
                <span class="method-name">allMemAndAllMFTest</span>
                <span class="method-start">631998 ms</span>
              </div> <!-- test-method -->
              <div class="test-method">
                <span class="method-name">allMemAndActiveMFTest</span>
                <span class="method-start">683494 ms</span>
              </div> <!-- test-method -->
              <div class="test-method">
                <span class="method-name">mfInvestmentDetails</span>
                <span class="method-start">839085 ms</span>
              </div> <!-- test-method -->
              <div class="test-method">
                <img src="failed.png">
                </img>
                <span class="method-name">ulipTest</span>
                <span class="method-start">882246 ms</span>
              </div> <!-- test-method -->
              <div class="test-method">
                <span class="method-name">otherInsuranceTest</span>
                <span class="method-start">902067 ms</span>
              </div> <!-- test-method -->
              <div class="test-method">
                <span class="method-name">liquiloanTest</span>
                <span class="method-start">912104 ms</span>
              </div> <!-- test-method -->
              <div class="test-method">
                <span class="method-name">pmsTest</span>
                <span class="method-start">929033 ms</span>
              </div> <!-- test-method -->
              <div class="test-method">
                <span class="method-name">protectionTest</span>
                <span class="method-start">943359 ms</span>
              </div> <!-- test-method -->
              <div class="test-method">
                <span class="method-name">memberwiseMFTest</span>
                <span class="method-start">969053 ms</span>
              </div> <!-- test-method -->
              <div class="test-method">
                <span class="method-name">memberUlipTest</span>
                <span class="method-start">1137577 ms</span>
              </div> <!-- test-method -->
              <div class="test-method">
                <span class="method-name">memberOtherInsuranceTest</span>
                <span class="method-start">1159476 ms</span>
              </div> <!-- test-method -->
              <div class="test-method">
                <span class="method-name">memberProtectionTest</span>
                <span class="method-start">1171693 ms</span>
              </div> <!-- test-method -->
              <div class="test-method">
                <img src="failed.png">
                </img>
                <span class="method-name">goalWiseInvestmentTest</span>
                <span class="method-start">1197615 ms</span>
              </div> <!-- test-method -->
            </div> <!-- chronological-class -->
            <div class="chronological-class">
              <div class="chronological-class-name">testcases.PaymentGetwayTest</div> <!-- chronological-class-name -->
              <div class="test-method">
                <img src="failed.png">
                </img>
                <span class="method-name">paymentGetwayTest</span>
                <span class="method-start">1232996 ms</span>
              </div> <!-- test-method -->
            </div> <!-- chronological-class -->
            <div class="chronological-class">
              <div class="chronological-class-name">testcases.EditProfileTest</div> <!-- chronological-class-name -->
              <div class="test-method">
                <img src="failed.png">
                </img>
                <span class="method-name">addressRequestTest</span>
                <span class="method-start">1324811 ms</span>
              </div> <!-- test-method -->
              <div class="test-method">
                <img src="failed.png">
                </img>
                <span class="method-name">bankRequestTest</span>
                <span class="method-start">1591567 ms</span>
              </div> <!-- test-method -->
            </div> <!-- chronological-class -->
            <div class="chronological-class">
              <div class="chronological-class-name">testcases.CASuploadTest</div> <!-- chronological-class-name -->
              <div class="test-method">
                <span class="method-name">casUploadTest</span>
                <span class="method-start">1706733 ms</span>
              </div> <!-- test-method -->
          </div> <!-- main-panel-content rounded-window-bottom -->
        </div> <!-- panel -->
      </div> <!-- main-panel-root -->
    </div> <!-- wrapper -->
  </body>
<script type="text/javascript" src="testng-reports2.js"></script>
</html>
